2023-03-18 23:36:45,485 INFO o.a.j.u.JMeterUtils: Setting Locale to en_EN
2023-03-18 23:36:45,500 INFO o.a.j.JMeter: Loading user properties from: D:\Software Testing\Tools\apache-jmeter-5.5\bin\user.properties
2023-03-18 23:36:45,500 INFO o.a.j.JMeter: Loading system properties from: D:\Software Testing\Tools\apache-jmeter-5.5\bin\system.properties
2023-03-18 23:36:45,500 INFO o.a.j.JMeter: Copyright (c) 1998-2022 The Apache Software Foundation
2023-03-18 23:36:45,500 INFO o.a.j.JMeter: Version 5.5
2023-03-18 23:36:45,500 INFO o.a.j.JMeter: java.version=1.8.0_202
2023-03-18 23:36:45,500 INFO o.a.j.JMeter: java.vm.name=Java HotSpot(TM) 64-Bit Server VM
2023-03-18 23:36:45,500 INFO o.a.j.JMeter: os.name=Windows 10
2023-03-18 23:36:45,500 INFO o.a.j.JMeter: os.arch=amd64
2023-03-18 23:36:45,500 INFO o.a.j.JMeter: os.version=10.0
2023-03-18 23:36:45,500 INFO o.a.j.JMeter: file.encoding=Cp1252
2023-03-18 23:36:45,500 INFO o.a.j.JMeter: java.awt.headless=true
2023-03-18 23:36:45,500 INFO o.a.j.JMeter: Max memory     =1073741824
2023-03-18 23:36:45,500 INFO o.a.j.JMeter: Available Processors =4
2023-03-18 23:36:45,500 INFO o.a.j.JMeter: Default Locale=English (EN)
2023-03-18 23:36:45,500 INFO o.a.j.JMeter: JMeter  Locale=English (EN)
2023-03-18 23:36:45,500 INFO o.a.j.JMeter: JMeterHome=D:\Software Testing\Tools\apache-jmeter-5.5
2023-03-18 23:36:45,500 INFO o.a.j.JMeter: user.dir  =C:\Users\itsbu\OneDrive\Desktop\Christine
2023-03-18 23:36:45,500 INFO o.a.j.JMeter: PWD       =C:\Users\itsbu\OneDrive\Desktop\Christine
2023-03-18 23:36:45,518 INFO o.a.j.JMeter: IP: 192.168.0.114 Name: IMRAN-AL-MUNYEEM FullName: host.docker.internal
2023-03-18 23:36:45,532 INFO o.a.j.s.FileServer: Default base='C:\Users\itsbu\OneDrive\Desktop\Christine'
2023-03-18 23:36:45,532 INFO o.a.j.s.FileServer: Set new base='C:\Users\itsbu\OneDrive\Desktop\Christine\.'
2023-03-18 23:36:45,658 INFO o.a.j.s.SaveService: Testplan (JMX) version: 2.2. Testlog (JTL) version: 2.2
2023-03-18 23:36:45,674 INFO o.a.j.s.SaveService: Using SaveService properties file encoding UTF-8
2023-03-18 23:36:45,674 INFO o.a.j.s.SaveService: Using SaveService properties version 5.0
2023-03-18 23:36:45,689 INFO o.a.j.s.SaveService: Loading file: .\Christine_part_C.jmx
2023-03-18 23:36:45,721 INFO o.a.j.p.h.c.CookieManager: Settings: Delete null: true Check: true Allow variable: true Save: false Prefix: COOKIE_
2023-03-18 23:36:45,721 INFO o.a.j.p.h.c.CacheManager: Will only cache the following methods: [GET]
2023-03-18 23:36:45,736 INFO o.a.j.p.h.s.HTTPSamplerBase: Parser for text/html is org.apache.jmeter.protocol.http.parser.LagartoBasedHtmlParser
2023-03-18 23:36:45,736 INFO o.a.j.p.h.s.HTTPSamplerBase: Parser for application/xhtml+xml is org.apache.jmeter.protocol.http.parser.LagartoBasedHtmlParser
2023-03-18 23:36:45,736 INFO o.a.j.p.h.s.HTTPSamplerBase: Parser for application/xml is org.apache.jmeter.protocol.http.parser.LagartoBasedHtmlParser
2023-03-18 23:36:45,736 INFO o.a.j.p.h.s.HTTPSamplerBase: Parser for text/xml is org.apache.jmeter.protocol.http.parser.LagartoBasedHtmlParser
2023-03-18 23:36:45,736 INFO o.a.j.p.h.s.HTTPSamplerBase: Parser for text/vnd.wap.wml is org.apache.jmeter.protocol.http.parser.RegexpHTMLParser
2023-03-18 23:36:45,736 INFO o.a.j.p.h.s.HTTPSamplerBase: Parser for text/css is org.apache.jmeter.protocol.http.parser.CssParser
2023-03-18 23:36:46,068 INFO o.a.j.JMeter: Creating summariser <summary>
2023-03-18 23:36:46,084 INFO o.a.j.e.StandardJMeterEngine: Running the test!
2023-03-18 23:36:46,084 INFO o.a.j.s.SampleEvent: List of sample_variables: []
2023-03-18 23:36:46,084 INFO o.a.j.s.SampleEvent: List of sample_variables: []
2023-03-18 23:36:46,084 INFO o.a.j.e.u.CompoundVariable: Note: Function class names must contain the string: '.functions.'
2023-03-18 23:36:46,084 INFO o.a.j.e.u.CompoundVariable: Note: Function class names must not contain the string: '.gui.'
2023-03-18 23:36:46,383 INFO o.a.j.JMeter: Running test (1679161006383)
2023-03-18 23:36:46,414 INFO o.a.j.e.StandardJMeterEngine: Starting ThreadGroup: 1 : Workload 1 minute 5 users
2023-03-18 23:36:46,414 INFO o.a.j.e.StandardJMeterEngine: Starting 5 threads for group Workload 1 minute 5 users.
2023-03-18 23:36:46,414 INFO o.a.j.e.StandardJMeterEngine: Thread will continue on error
2023-03-18 23:36:46,414 INFO o.a.j.t.ThreadGroup: Starting thread group... number=1 threads=5 ramp-up=5 delayedStart=false
2023-03-18 23:36:46,430 INFO o.a.j.t.ThreadGroup: Started thread group number 1
2023-03-18 23:36:46,430 INFO o.a.j.e.StandardJMeterEngine: Waiting for thread group: Workload 1 minute 5 users to finish before starting next group
2023-03-18 23:36:46,430 INFO o.a.j.s.SampleResult: Note: Sample TimeStamps are START times
2023-03-18 23:36:46,430 INFO o.a.j.s.SampleResult: sampleresult.default.encoding is set to ISO-8859-1
2023-03-18 23:36:46,430 INFO o.a.j.s.SampleResult: sampleresult.useNanoTime=true
2023-03-18 23:36:46,430 INFO o.a.j.s.SampleResult: sampleresult.nanoThreadSleep=5000
2023-03-18 23:36:46,444 INFO o.a.j.t.JMeterThread: Thread started: Workload 1 minute 5 users 1-1
2023-03-18 23:36:46,446 WARN o.a.j.c.TransactionController: Could not fetch SamplePackage
2023-03-18 23:36:46,601 INFO o.a.j.p.h.s.HTTPHCAbstractImpl: Local host = IMRAN-AL-MUNYEEM
2023-03-18 23:36:46,614 INFO o.a.j.p.h.s.HTTPHC4Impl: HTTP request retry count = 0
2023-03-18 23:36:46,719 INFO o.a.j.p.h.s.h.LazyLayeredConnectionSocketFactory: Setting up HTTPS TrustAll Socket Factory
2023-03-18 23:36:46,730 INFO o.a.j.u.JsseSSLManager: Using default SSL protocol: TLS
2023-03-18 23:36:46,730 INFO o.a.j.u.JsseSSLManager: SSL session context: per-thread
2023-03-18 23:36:47,301 INFO o.a.j.u.SSLManager: JmeterKeyStore Location:  type JKS
2023-03-18 23:36:47,303 INFO o.a.j.u.SSLManager: KeyStore created OK
2023-03-18 23:36:47,303 WARN o.a.j.u.SSLManager: Keystore file not found, loading empty keystore
2023-03-18 23:36:47,430 INFO o.a.j.t.JMeterThread: Thread started: Workload 1 minute 5 users 1-2
2023-03-18 23:36:47,431 WARN o.a.j.c.TransactionController: Could not fetch SamplePackage
2023-03-18 23:36:48,099 INFO o.a.j.p.h.p.BaseParser: Created org.apache.jmeter.protocol.http.parser.LagartoBasedHtmlParser
2023-03-18 23:36:48,148 INFO o.a.j.p.h.s.ResourcesDownloader: Creating ResourcesDownloader with keepalive_inseconds : 60
2023-03-18 23:36:48,425 INFO o.a.j.t.JMeterThread: Thread started: Workload 1 minute 5 users 1-3
2023-03-18 23:36:48,425 WARN o.a.j.c.TransactionController: Could not fetch SamplePackage
2023-03-18 23:36:48,443 INFO o.a.j.p.h.p.BaseParser: Created org.apache.jmeter.protocol.http.parser.CssParser
2023-03-18 23:36:48,443 INFO o.a.j.p.h.p.BaseParser: Created org.apache.jmeter.protocol.http.parser.CssParser
2023-03-18 23:36:48,574 WARN c.h.c.r.e.LoggingCSSParseErrorHandler: [10:11] Deprecated property name '*zoom'
2023-03-18 23:36:48,577 WARN c.h.c.r.e.LoggingCSSParseErrorHandler: [15:41] Deprecated property name '*display'
2023-03-18 23:36:48,577 WARN c.h.c.r.e.LoggingCSSParseErrorHandler: [15:57] Deprecated property name '*zoom'
2023-03-18 23:36:48,677 WARN c.h.c.r.e.LoggingCSSParseErrorHandler: [26:14] Deprecated property name '*overflow'
2023-03-18 23:36:48,692 WARN c.h.c.r.e.LoggingCSSParseErrorHandler: [39:24] Deprecated property name '*zoom'
2023-03-18 23:36:48,694 WARN c.h.c.r.e.LoggingCSSParseErrorHandler: [67:23] Deprecated property name '*zoom'
2023-03-18 23:36:48,694 WARN c.h.c.r.e.LoggingCSSParseErrorHandler: [69:190] Deprecated property name '*margin-left'
2023-03-18 23:36:48,695 WARN c.h.c.r.e.LoggingCSSParseErrorHandler: [72:31] Deprecated property name '*width'
2023-03-18 23:36:48,695 WARN c.h.c.r.e.LoggingCSSParseErrorHandler: [73:45] Deprecated property name '*width'
2023-03-18 23:36:48,695 WARN c.h.c.r.e.LoggingCSSParseErrorHandler: [74:45] Deprecated property name '*width'
2023-03-18 23:36:48,696 WARN c.h.c.r.e.LoggingCSSParseErrorHandler: [75:44] Deprecated property name '*width'
2023-03-18 23:36:48,696 WARN c.h.c.r.e.LoggingCSSParseErrorHandler: [76:44] Deprecated property name '*width'
2023-03-18 23:36:48,696 WARN c.h.c.r.e.LoggingCSSParseErrorHandler: [77:44] Deprecated property name '*width'
2023-03-18 23:36:48,697 WARN c.h.c.r.e.LoggingCSSParseErrorHandler: [78:44] Deprecated property name '*width'
2023-03-18 23:36:48,697 WARN c.h.c.r.e.LoggingCSSParseErrorHandler: [79:44] Deprecated property name '*width'
2023-03-18 23:36:48,697 WARN c.h.c.r.e.LoggingCSSParseErrorHandler: [80:45] Deprecated property name '*width'
2023-03-18 23:36:48,697 WARN c.h.c.r.e.LoggingCSSParseErrorHandler: [81:45] Deprecated property name '*width'
2023-03-18 23:36:48,698 WARN c.h.c.r.e.LoggingCSSParseErrorHandler: [82:45] Deprecated property name '*width'
2023-03-18 23:36:48,698 WARN c.h.c.r.e.LoggingCSSParseErrorHandler: [83:44] Deprecated property name '*width'
2023-03-18 23:36:48,698 WARN c.h.c.r.e.LoggingCSSParseErrorHandler: [84:54] Deprecated property name '*margin-left'
2023-03-18 23:36:48,699 WARN c.h.c.r.e.LoggingCSSParseErrorHandler: [85:66] Deprecated property name '*margin-left'
2023-03-18 23:36:48,699 WARN c.h.c.r.e.LoggingCSSParseErrorHandler: [86:53] Deprecated property name '*margin-left'
2023-03-18 23:36:48,699 WARN c.h.c.r.e.LoggingCSSParseErrorHandler: [87:65] Deprecated property name '*margin-left'
2023-03-18 23:36:48,699 WARN c.h.c.r.e.LoggingCSSParseErrorHandler: [88:53] Deprecated property name '*margin-left'
2023-03-18 23:36:48,700 WARN c.h.c.r.e.LoggingCSSParseErrorHandler: [89:64] Deprecated property name '*margin-left'
2023-03-18 23:36:48,700 WARN c.h.c.r.e.LoggingCSSParseErrorHandler: [90:52] Deprecated property name '*margin-left'
2023-03-18 23:36:48,701 WARN c.h.c.r.e.LoggingCSSParseErrorHandler: [91:64] Deprecated property name '*margin-left'
2023-03-18 23:36:48,701 WARN c.h.c.r.e.LoggingCSSParseErrorHandler: [92:51] Deprecated property name '*margin-left'
2023-03-18 23:36:48,701 WARN c.h.c.r.e.LoggingCSSParseErrorHandler: [93:64] Deprecated property name '*margin-left'
2023-03-18 23:36:48,702 WARN c.h.c.r.e.LoggingCSSParseErrorHandler: [94:52] Deprecated property name '*margin-left'
2023-03-18 23:36:48,702 WARN c.h.c.r.e.LoggingCSSParseErrorHandler: [95:65] Deprecated property name '*margin-left'
2023-03-18 23:36:48,702 WARN c.h.c.r.e.LoggingCSSParseErrorHandler: [96:53] Deprecated property name '*margin-left'
2023-03-18 23:36:48,703 WARN c.h.c.r.e.LoggingCSSParseErrorHandler: [97:65] Deprecated property name '*margin-left'
2023-03-18 23:36:48,703 WARN c.h.c.r.e.LoggingCSSParseErrorHandler: [98:52] Deprecated property name '*margin-left'
2023-03-18 23:36:48,703 WARN c.h.c.r.e.LoggingCSSParseErrorHandler: [99:63] Deprecated property name '*margin-left'
2023-03-18 23:36:48,704 WARN c.h.c.r.e.LoggingCSSParseErrorHandler: [100:53] Deprecated property name '*margin-left'
2023-03-18 23:36:48,704 WARN c.h.c.r.e.LoggingCSSParseErrorHandler: [101:64] Deprecated property name '*margin-left'
2023-03-18 23:36:48,704 WARN c.h.c.r.e.LoggingCSSParseErrorHandler: [102:53] Deprecated property name '*margin-left'
2023-03-18 23:36:48,704 WARN c.h.c.r.e.LoggingCSSParseErrorHandler: [103:64] Deprecated property name '*margin-left'
2023-03-18 23:36:48,705 WARN c.h.c.r.e.LoggingCSSParseErrorHandler: [104:53] Deprecated property name '*margin-left'
2023-03-18 23:36:48,705 WARN c.h.c.r.e.LoggingCSSParseErrorHandler: [105:64] Deprecated property name '*margin-left'
2023-03-18 23:36:48,705 WARN c.h.c.r.e.LoggingCSSParseErrorHandler: [106:53] Deprecated property name '*margin-left'
2023-03-18 23:36:48,705 WARN c.h.c.r.e.LoggingCSSParseErrorHandler: [107:63] Deprecated property name '*margin-left'
2023-03-18 23:36:48,706 WARN c.h.c.r.e.LoggingCSSParseErrorHandler: [110:47] Deprecated property name '*zoom'
2023-03-18 23:36:48,706 WARN c.h.c.r.e.LoggingCSSParseErrorHandler: [112:55] Deprecated property name '*zoom'
2023-03-18 23:36:48,712 WARN c.h.c.r.e.LoggingCSSParseErrorHandler: [150:99] Deprecated property name '*display'
2023-03-18 23:36:48,712 WARN c.h.c.r.e.LoggingCSSParseErrorHandler: [150:115] Deprecated property name '*zoom'
2023-03-18 23:36:48,712 WARN c.h.c.r.e.LoggingCSSParseErrorHandler: [155:16] Deprecated property name '*zoom'
2023-03-18 23:36:48,720 WARN c.h.c.r.e.LoggingCSSParseErrorHandler: [199:67] Deprecated property name '*border-collapse'
2023-03-18 23:36:48,738 WARN c.h.c.r.e.LoggingCSSParseErrorHandler: [242:59] Deprecated property name '*margin-top'
2023-03-18 23:36:48,739 WARN c.h.c.r.e.LoggingCSSParseErrorHandler: [244:39] Deprecated property name '*margin-top'
2023-03-18 23:36:48,741 WARN c.h.c.r.e.LoggingCSSParseErrorHandler: [281:15] Deprecated property name '*zoom'
2023-03-18 23:36:48,747 WARN c.h.c.r.e.LoggingCSSParseErrorHandler: [304:127] Deprecated property name '*zoom'
2023-03-18 23:36:48,747 WARN c.h.c.r.e.LoggingCSSParseErrorHandler: [308:35] Deprecated property name '*display'
2023-03-18 23:36:48,747 WARN c.h.c.r.e.LoggingCSSParseErrorHandler: [308:51] Deprecated property name '*zoom'
2023-03-18 23:36:48,747 WARN c.h.c.r.e.LoggingCSSParseErrorHandler: [310:184] Deprecated property name '*margin-left'
2023-03-18 23:36:48,751 WARN c.h.c.r.e.LoggingCSSParseErrorHandler: [329:569] Deprecated property name '*display'
2023-03-18 23:36:48,751 WARN c.h.c.r.e.LoggingCSSParseErrorHandler: [329:585] Deprecated property name '*zoom'
2023-03-18 23:36:48,752 WARN c.h.c.r.e.LoggingCSSParseErrorHandler: [337:52] Deprecated property name '*zoom'
2023-03-18 23:36:48,752 WARN c.h.c.r.e.LoggingCSSParseErrorHandler: [340:28] Deprecated property name '*display'
2023-03-18 23:36:48,752 WARN c.h.c.r.e.LoggingCSSParseErrorHandler: [340:50] Deprecated property name '*padding-left'
2023-03-18 23:36:48,752 WARN c.h.c.r.e.LoggingCSSParseErrorHandler: [340:87] Deprecated property name '*margin-left'
2023-03-18 23:36:48,752 WARN c.h.c.r.e.LoggingCSSParseErrorHandler: [340:142] Deprecated property name '*padding-left'
2023-03-18 23:36:48,753 WARN c.h.c.r.e.LoggingCSSParseErrorHandler: [344:27] Deprecated property name '*display'
2023-03-18 23:36:48,753 WARN c.h.c.r.e.LoggingCSSParseErrorHandler: [344:43] Deprecated property name '*zoom'
2023-03-18 23:36:48,754 WARN c.h.c.r.e.LoggingCSSParseErrorHandler: [344:840] Deprecated property name '*background-color'
2023-03-18 23:36:48,754 WARN c.h.c.r.e.LoggingCSSParseErrorHandler: [344:958] Deprecated property name '*border'
2023-03-18 23:36:48,754 WARN c.h.c.r.e.LoggingCSSParseErrorHandler: [344:1063] Deprecated property name '*margin-left'
2023-03-18 23:36:48,754 WARN c.h.c.r.e.LoggingCSSParseErrorHandler: [344:1428] Deprecated property name '*background-color'
2023-03-18 23:36:48,754 WARN c.h.c.r.e.LoggingCSSParseErrorHandler: [346:18] Deprecated property name '*margin-left'
2023-03-18 23:36:48,758 WARN c.h.c.r.e.LoggingCSSParseErrorHandler: [361:676] Deprecated property name '*background-color'
2023-03-18 23:36:48,758 WARN c.h.c.r.e.LoggingCSSParseErrorHandler: [361:932] Deprecated property name '*background-color'
2023-03-18 23:36:48,758 WARN c.h.c.r.e.LoggingCSSParseErrorHandler: [363:676] Deprecated property name '*background-color'
2023-03-18 23:36:48,759 WARN c.h.c.r.e.LoggingCSSParseErrorHandler: [363:932] Deprecated property name '*background-color'
2023-03-18 23:36:48,759 WARN c.h.c.r.e.LoggingCSSParseErrorHandler: [365:675] Deprecated property name '*background-color'
2023-03-18 23:36:48,760 WARN c.h.c.r.e.LoggingCSSParseErrorHandler: [365:925] Deprecated property name '*background-color'
2023-03-18 23:36:48,760 WARN c.h.c.r.e.LoggingCSSParseErrorHandler: [367:676] Deprecated property name '*background-color'
2023-03-18 23:36:48,760 WARN c.h.c.r.e.LoggingCSSParseErrorHandler: [367:932] Deprecated property name '*background-color'
2023-03-18 23:36:48,761 WARN c.h.c.r.e.LoggingCSSParseErrorHandler: [369:673] Deprecated property name '*background-color'
2023-03-18 23:36:48,761 WARN c.h.c.r.e.LoggingCSSParseErrorHandler: [369:911] Deprecated property name '*background-color'
2023-03-18 23:36:48,762 WARN c.h.c.r.e.LoggingCSSParseErrorHandler: [371:676] Deprecated property name '*background-color'
2023-03-18 23:36:48,762 WARN c.h.c.r.e.LoggingCSSParseErrorHandler: [371:932] Deprecated property name '*background-color'
2023-03-18 23:36:48,762 WARN c.h.c.r.e.LoggingCSSParseErrorHandler: [373:37] Deprecated property name '*padding-top'
2023-03-18 23:36:48,762 WARN c.h.c.r.e.LoggingCSSParseErrorHandler: [373:54] Deprecated property name '*padding-bottom'
2023-03-18 23:36:48,762 WARN c.h.c.r.e.LoggingCSSParseErrorHandler: [374:57] Deprecated property name '*padding-top'
2023-03-18 23:36:48,763 WARN c.h.c.r.e.LoggingCSSParseErrorHandler: [374:74] Deprecated property name '*padding-bottom'
2023-03-18 23:36:48,763 WARN c.h.c.r.e.LoggingCSSParseErrorHandler: [375:57] Deprecated property name '*padding-top'
2023-03-18 23:36:48,763 WARN c.h.c.r.e.LoggingCSSParseErrorHandler: [375:74] Deprecated property name '*padding-bottom'
2023-03-18 23:36:48,763 WARN c.h.c.r.e.LoggingCSSParseErrorHandler: [376:55] Deprecated property name '*padding-top'
2023-03-18 23:36:48,763 WARN c.h.c.r.e.LoggingCSSParseErrorHandler: [376:72] Deprecated property name '*padding-bottom'
2023-03-18 23:36:48,763 WARN c.h.c.r.e.LoggingCSSParseErrorHandler: [381:80] Deprecated property name '*margin-right'
2023-03-18 23:36:48,772 WARN c.h.c.r.e.LoggingCSSParseErrorHandler: [523:51] Deprecated property name '*display'
2023-03-18 23:36:48,772 WARN c.h.c.r.e.LoggingCSSParseErrorHandler: [523:67] Deprecated property name '*zoom'
2023-03-18 23:36:48,772 WARN c.h.c.r.e.LoggingCSSParseErrorHandler: [523:128] Deprecated property name '*margin-left'
2023-03-18 23:36:48,772 WARN c.h.c.r.e.LoggingCSSParseErrorHandler: [523:170] Deprecated property name '*margin-left'
2023-03-18 23:36:48,773 WARN c.h.c.r.e.LoggingCSSParseErrorHandler: [538:415] Deprecated property name '*padding-top'
2023-03-18 23:36:48,773 WARN c.h.c.r.e.LoggingCSSParseErrorHandler: [538:432] Deprecated property name '*padding-bottom'
2023-03-18 23:36:48,774 WARN c.h.c.r.e.LoggingCSSParseErrorHandler: [539:74] Deprecated property name '*padding-top'
2023-03-18 23:36:48,774 WARN c.h.c.r.e.LoggingCSSParseErrorHandler: [539:91] Deprecated property name '*padding-bottom'
2023-03-18 23:36:48,774 WARN c.h.c.r.e.LoggingCSSParseErrorHandler: [540:40] Deprecated property name '*padding-top'
2023-03-18 23:36:48,774 WARN c.h.c.r.e.LoggingCSSParseErrorHandler: [540:57] Deprecated property name '*padding-bottom'
2023-03-18 23:36:48,774 WARN c.h.c.r.e.LoggingCSSParseErrorHandler: [541:77] Deprecated property name '*padding-top'
2023-03-18 23:36:48,774 WARN c.h.c.r.e.LoggingCSSParseErrorHandler: [541:94] Deprecated property name '*padding-bottom'
2023-03-18 23:36:48,775 WARN c.h.c.r.e.LoggingCSSParseErrorHandler: [556:42] Deprecated property name '*display'
2023-03-18 23:36:48,775 WARN c.h.c.r.e.LoggingCSSParseErrorHandler: [556:58] Deprecated property name '*zoom'
2023-03-18 23:36:48,776 WARN c.h.c.r.e.LoggingCSSParseErrorHandler: [575:20] Deprecated property name '*width'
2023-03-18 23:36:48,777 WARN c.h.c.r.e.LoggingCSSParseErrorHandler: [575:58] Deprecated property name '*margin'
2023-03-18 23:36:48,777 WARN c.h.c.r.e.LoggingCSSParseErrorHandler: [576:22] Deprecated property name '*zoom'
2023-03-18 23:36:48,779 WARN c.h.c.r.e.LoggingCSSParseErrorHandler: [606:11] Deprecated property name '*zoom'
2023-03-18 23:36:48,780 WARN c.h.c.r.e.LoggingCSSParseErrorHandler: [621:146] Deprecated property name '*border-right-color'
2023-03-18 23:36:48,780 WARN c.h.c.r.e.LoggingCSSParseErrorHandler: [625:149] Deprecated property name '*border-left-color'
2023-03-18 23:36:48,780 WARN c.h.c.r.e.LoggingCSSParseErrorHandler: [628:45] Deprecated property name '*position'
2023-03-18 23:36:48,780 WARN c.h.c.r.e.LoggingCSSParseErrorHandler: [628:64] Deprecated property name '*z-index'
2023-03-18 23:36:48,781 WARN c.h.c.r.e.LoggingCSSParseErrorHandler: [629:798] Deprecated property name '*zoom'
2023-03-18 23:36:48,781 WARN c.h.c.r.e.LoggingCSSParseErrorHandler: [639:30] Deprecated property name '*zoom'
2023-03-18 23:36:48,783 WARN c.h.c.r.e.LoggingCSSParseErrorHandler: [662:758] Deprecated property name '*background-color'
2023-03-18 23:36:48,784 WARN c.h.c.r.e.LoggingCSSParseErrorHandler: [662:1303] Deprecated property name '*background-color'
2023-03-18 23:36:48,787 WARN c.h.c.r.e.LoggingCSSParseErrorHandler: [693:691] Deprecated property name '*background-color'
2023-03-18 23:36:48,787 WARN c.h.c.r.e.LoggingCSSParseErrorHandler: [693:1037] Deprecated property name '*background-color'
2023-03-18 23:36:48,787 WARN c.h.c.r.e.LoggingCSSParseErrorHandler: [695:191] Deprecated property name '*display'
2023-03-18 23:36:48,787 WARN c.h.c.r.e.LoggingCSSParseErrorHandler: [695:207] Deprecated property name '*zoom'
2023-03-18 23:36:48,788 WARN c.h.c.r.e.LoggingCSSParseErrorHandler: [698:37] Deprecated property name '*display'
2023-03-18 23:36:48,788 WARN c.h.c.r.e.LoggingCSSParseErrorHandler: [698:53] Deprecated property name '*zoom'
2023-03-18 23:36:48,793 WARN c.h.c.r.e.LoggingCSSParseErrorHandler: [715:56] Deprecated property name '*zoom'
2023-03-18 23:36:48,795 WARN c.h.c.r.e.LoggingCSSParseErrorHandler: [723:47] Deprecated property name '*zoom'
2023-03-18 23:36:48,816 WARN c.h.c.r.e.LoggingCSSParseErrorHandler: [759:36] Deprecated property name '*overflow'
2023-03-18 23:36:48,820 WARN c.h.c.r.e.LoggingCSSParseErrorHandler: [793:167] Deprecated property name '*border'
2023-03-18 23:36:48,821 WARN c.h.c.r.e.LoggingCSSParseErrorHandler: [799:325] Deprecated property name '*zoom'
2023-03-18 23:36:48,822 WARN c.h.c.r.e.LoggingCSSParseErrorHandler: [805:18] Deprecated property name '*margin-bottom'
2023-03-18 23:36:48,822 WARN c.h.c.r.e.LoggingCSSParseErrorHandler: [809:231] Deprecated property name '*border-right-width'
2023-03-18 23:36:48,822 WARN c.h.c.r.e.LoggingCSSParseErrorHandler: [809:255] Deprecated property name '*border-bottom-width'
2023-03-18 23:36:48,823 WARN c.h.c.r.e.LoggingCSSParseErrorHandler: [810:25] Deprecated property name '*width'
2023-03-18 23:36:48,823 WARN c.h.c.r.e.LoggingCSSParseErrorHandler: [810:63] Deprecated property name '*margin'
2023-03-18 23:36:48,824 WARN c.h.c.r.e.LoggingCSSParseErrorHandler: [816:7] Deprecated property name '*z-index'
2023-03-18 23:36:48,832 WARN c.h.c.r.e.LoggingCSSParseErrorHandler: [873:2253] Deprecated property name '*zoom'
2023-03-18 23:36:48,834 WARN c.h.c.r.e.LoggingCSSParseErrorHandler: [873:3153] Deprecated property name '*zoom'
2023-03-18 23:36:48,834 WARN c.h.c.r.e.LoggingCSSParseErrorHandler: [873:3458] Deprecated property name '*margin-left'
2023-03-18 23:36:48,835 WARN c.h.c.r.e.LoggingCSSParseErrorHandler: [873:3668] Deprecated property name '*width'
2023-03-18 23:36:48,835 WARN c.h.c.r.e.LoggingCSSParseErrorHandler: [873:3740] Deprecated property name '*width'
2023-03-18 23:36:48,835 WARN c.h.c.r.e.LoggingCSSParseErrorHandler: [873:3812] Deprecated property name '*width'
2023-03-18 23:36:48,836 WARN c.h.c.r.e.LoggingCSSParseErrorHandler: [873:3883] Deprecated property name '*width'
2023-03-18 23:36:48,836 WARN c.h.c.r.e.LoggingCSSParseErrorHandler: [873:3954] Deprecated property name '*width'
2023-03-18 23:36:48,836 WARN c.h.c.r.e.LoggingCSSParseErrorHandler: [873:4025] Deprecated property name '*width'
2023-03-18 23:36:48,836 WARN c.h.c.r.e.LoggingCSSParseErrorHandler: [873:4096] Deprecated property name '*width'
2023-03-18 23:36:48,836 WARN c.h.c.r.e.LoggingCSSParseErrorHandler: [873:4167] Deprecated property name '*width'
2023-03-18 23:36:48,837 WARN c.h.c.r.e.LoggingCSSParseErrorHandler: [873:4239] Deprecated property name '*width'
2023-03-18 23:36:48,837 WARN c.h.c.r.e.LoggingCSSParseErrorHandler: [873:4310] Deprecated property name '*width'
2023-03-18 23:36:48,837 WARN c.h.c.r.e.LoggingCSSParseErrorHandler: [873:4380] Deprecated property name '*width'
2023-03-18 23:36:48,837 WARN c.h.c.r.e.LoggingCSSParseErrorHandler: [873:4452] Deprecated property name '*width'
2023-03-18 23:36:48,837 WARN c.h.c.r.e.LoggingCSSParseErrorHandler: [873:4533] Deprecated property name '*margin-left'
2023-03-18 23:36:48,837 WARN c.h.c.r.e.LoggingCSSParseErrorHandler: [873:4633] Deprecated property name '*margin-left'
2023-03-18 23:36:48,839 WARN c.h.c.r.e.LoggingCSSParseErrorHandler: [873:4719] Deprecated property name '*margin-left'
2023-03-18 23:36:48,839 WARN c.h.c.r.e.LoggingCSSParseErrorHandler: [873:4815] Deprecated property name '*margin-left'
2023-03-18 23:36:48,839 WARN c.h.c.r.e.LoggingCSSParseErrorHandler: [873:4901] Deprecated property name '*margin-left'
2023-03-18 23:36:48,839 WARN c.h.c.r.e.LoggingCSSParseErrorHandler: [873:4997] Deprecated property name '*margin-left'
2023-03-18 23:36:48,840 WARN c.h.c.r.e.LoggingCSSParseErrorHandler: [873:5081] Deprecated property name '*margin-left'
2023-03-18 23:36:48,840 WARN c.h.c.r.e.LoggingCSSParseErrorHandler: [873:5178] Deprecated property name '*margin-left'
2023-03-18 23:36:48,840 WARN c.h.c.r.e.LoggingCSSParseErrorHandler: [873:5262] Deprecated property name '*margin-left'
2023-03-18 23:36:48,840 WARN c.h.c.r.e.LoggingCSSParseErrorHandler: [873:5359] Deprecated property name '*margin-left'
2023-03-18 23:36:48,840 WARN c.h.c.r.e.LoggingCSSParseErrorHandler: [873:5444] Deprecated property name '*margin-left'
2023-03-18 23:36:48,841 WARN c.h.c.r.e.LoggingCSSParseErrorHandler: [873:5542] Deprecated property name '*margin-left'
2023-03-18 23:36:48,841 WARN c.h.c.r.e.LoggingCSSParseErrorHandler: [873:5628] Deprecated property name '*margin-left'
2023-03-18 23:36:48,841 WARN c.h.c.r.e.LoggingCSSParseErrorHandler: [873:5726] Deprecated property name '*margin-left'
2023-03-18 23:36:48,841 WARN c.h.c.r.e.LoggingCSSParseErrorHandler: [873:5811] Deprecated property name '*margin-left'
2023-03-18 23:36:48,842 WARN c.h.c.r.e.LoggingCSSParseErrorHandler: [873:5908] Deprecated property name '*margin-left'
2023-03-18 23:36:48,842 WARN c.h.c.r.e.LoggingCSSParseErrorHandler: [873:5993] Deprecated property name '*margin-left'
2023-03-18 23:36:48,842 WARN c.h.c.r.e.LoggingCSSParseErrorHandler: [873:6090] Deprecated property name '*margin-left'
2023-03-18 23:36:48,842 WARN c.h.c.r.e.LoggingCSSParseErrorHandler: [873:6175] Deprecated property name '*margin-left'
2023-03-18 23:36:48,842 WARN c.h.c.r.e.LoggingCSSParseErrorHandler: [873:6273] Deprecated property name '*margin-left'
2023-03-18 23:36:48,843 WARN c.h.c.r.e.LoggingCSSParseErrorHandler: [873:6359] Deprecated property name '*margin-left'
2023-03-18 23:36:48,843 WARN c.h.c.r.e.LoggingCSSParseErrorHandler: [873:6457] Deprecated property name '*margin-left'
2023-03-18 23:36:48,843 WARN c.h.c.r.e.LoggingCSSParseErrorHandler: [873:6542] Deprecated property name '*margin-left'
2023-03-18 23:36:48,843 WARN c.h.c.r.e.LoggingCSSParseErrorHandler: [873:6639] Deprecated property name '*margin-left'
2023-03-18 23:36:48,844 WARN c.h.c.r.e.LoggingCSSParseErrorHandler: [873:7623] Deprecated property name '*zoom'
2023-03-18 23:36:48,845 WARN c.h.c.r.e.LoggingCSSParseErrorHandler: [873:8530] Deprecated property name '*zoom'
2023-03-18 23:36:48,846 WARN c.h.c.r.e.LoggingCSSParseErrorHandler: [873:8834] Deprecated property name '*margin-left'
2023-03-18 23:36:48,846 WARN c.h.c.r.e.LoggingCSSParseErrorHandler: [873:9044] Deprecated property name '*width'
2023-03-18 23:36:48,846 WARN c.h.c.r.e.LoggingCSSParseErrorHandler: [873:9116] Deprecated property name '*width'
2023-03-18 23:36:48,846 WARN c.h.c.r.e.LoggingCSSParseErrorHandler: [873:9188] Deprecated property name '*width'
2023-03-18 23:36:48,847 WARN c.h.c.r.e.LoggingCSSParseErrorHandler: [873:9258] Deprecated property name '*width'
2023-03-18 23:36:48,847 WARN c.h.c.r.e.LoggingCSSParseErrorHandler: [873:9329] Deprecated property name '*width'
2023-03-18 23:36:48,847 WARN c.h.c.r.e.LoggingCSSParseErrorHandler: [873:9400] Deprecated property name '*width'
2023-03-18 23:36:48,848 WARN c.h.c.r.e.LoggingCSSParseErrorHandler: [873:9472] Deprecated property name '*width'
2023-03-18 23:36:48,848 WARN c.h.c.r.e.LoggingCSSParseErrorHandler: [873:9544] Deprecated property name '*width'
2023-03-18 23:36:48,848 WARN c.h.c.r.e.LoggingCSSParseErrorHandler: [873:9616] Deprecated property name '*width'
2023-03-18 23:36:48,848 WARN c.h.c.r.e.LoggingCSSParseErrorHandler: [873:9689] Deprecated property name '*width'
2023-03-18 23:36:48,849 WARN c.h.c.r.e.LoggingCSSParseErrorHandler: [873:9761] Deprecated property name '*width'
2023-03-18 23:36:48,849 WARN c.h.c.r.e.LoggingCSSParseErrorHandler: [873:9833] Deprecated property name '*width'
2023-03-18 23:36:48,849 WARN c.h.c.r.e.LoggingCSSParseErrorHandler: [873:9914] Deprecated property name '*margin-left'
2023-03-18 23:36:48,849 WARN c.h.c.r.e.LoggingCSSParseErrorHandler: [873:10014] Deprecated property name '*margin-left'
2023-03-18 23:36:48,850 WARN c.h.c.r.e.LoggingCSSParseErrorHandler: [873:10101] Deprecated property name '*margin-left'
2023-03-18 23:36:48,850 WARN c.h.c.r.e.LoggingCSSParseErrorHandler: [873:10199] Deprecated property name '*margin-left'
2023-03-18 23:36:48,850 WARN c.h.c.r.e.LoggingCSSParseErrorHandler: [873:10285] Deprecated property name '*margin-left'
2023-03-18 23:36:48,850 WARN c.h.c.r.e.LoggingCSSParseErrorHandler: [873:10383] Deprecated property name '*margin-left'
2023-03-18 23:36:48,851 WARN c.h.c.r.e.LoggingCSSParseErrorHandler: [873:10468] Deprecated property name '*margin-left'
2023-03-18 23:36:48,851 WARN c.h.c.r.e.LoggingCSSParseErrorHandler: [873:10565] Deprecated property name '*margin-left'
2023-03-18 23:36:48,851 WARN c.h.c.r.e.LoggingCSSParseErrorHandler: [873:10650] Deprecated property name '*margin-left'
2023-03-18 23:36:48,851 WARN c.h.c.r.e.LoggingCSSParseErrorHandler: [873:10747] Deprecated property name '*margin-left'
2023-03-18 23:36:48,852 WARN c.h.c.r.e.LoggingCSSParseErrorHandler: [873:10833] Deprecated property name '*margin-left'
2023-03-18 23:36:48,852 WARN c.h.c.r.e.LoggingCSSParseErrorHandler: [873:10930] Deprecated property name '*margin-left'
2023-03-18 23:36:48,852 WARN c.h.c.r.e.LoggingCSSParseErrorHandler: [873:11015] Deprecated property name '*margin-left'
2023-03-18 23:36:48,852 WARN c.h.c.r.e.LoggingCSSParseErrorHandler: [873:11113] Deprecated property name '*margin-left'
2023-03-18 23:36:48,852 WARN c.h.c.r.e.LoggingCSSParseErrorHandler: [873:11200] Deprecated property name '*margin-left'
2023-03-18 23:36:48,853 WARN c.h.c.r.e.LoggingCSSParseErrorHandler: [873:11296] Deprecated property name '*margin-left'
2023-03-18 23:36:48,853 WARN c.h.c.r.e.LoggingCSSParseErrorHandler: [873:11381] Deprecated property name '*margin-left'
2023-03-18 23:36:48,853 WARN c.h.c.r.e.LoggingCSSParseErrorHandler: [873:11479] Deprecated property name '*margin-left'
2023-03-18 23:36:48,853 WARN c.h.c.r.e.LoggingCSSParseErrorHandler: [873:11566] Deprecated property name '*margin-left'
2023-03-18 23:36:48,854 WARN c.h.c.r.e.LoggingCSSParseErrorHandler: [873:11663] Deprecated property name '*margin-left'
2023-03-18 23:36:48,854 WARN c.h.c.r.e.LoggingCSSParseErrorHandler: [873:11748] Deprecated property name '*margin-left'
2023-03-18 23:36:48,854 WARN c.h.c.r.e.LoggingCSSParseErrorHandler: [873:11847] Deprecated property name '*margin-left'
2023-03-18 23:36:48,854 WARN c.h.c.r.e.LoggingCSSParseErrorHandler: [873:11932] Deprecated property name '*margin-left'
2023-03-18 23:36:48,855 WARN c.h.c.r.e.LoggingCSSParseErrorHandler: [873:12030] Deprecated property name '*margin-left'
2023-03-18 23:36:49,414 INFO o.a.j.t.JMeterThread: Thread started: Workload 1 minute 5 users 1-4
2023-03-18 23:36:49,415 WARN o.a.j.c.TransactionController: Could not fetch SamplePackage
2023-03-18 23:36:50,429 INFO o.a.j.t.JMeterThread: Thread started: Workload 1 minute 5 users 1-5
2023-03-18 23:36:50,430 WARN o.a.j.c.TransactionController: Could not fetch SamplePackage
2023-03-18 23:37:27,382 INFO o.a.j.t.JMeterThread: Thread finished: Workload 1 minute 5 users 1-5
2023-03-18 23:37:35,178 INFO o.a.j.r.Summariser: summary +     12 in 00:00:49 =    0.2/s Avg:   693 Min:   382 Max:  2009 Err:     0 (0.00%) Active: 4 Started: 5 Finished: 1
2023-03-18 23:37:35,180 INFO o.a.j.t.JMeterThread: Thread finished: Workload 1 minute 5 users 1-3
2023-03-18 23:37:39,956 INFO o.a.j.t.JMeterThread: Thread finished: Workload 1 minute 5 users 1-2
2023-03-18 23:37:44,100 INFO o.a.j.t.JMeterThread: Thread finished: Workload 1 minute 5 users 1-4
2023-03-18 23:37:45,128 INFO o.a.j.t.JMeterThread: Thread finished: Workload 1 minute 5 users 1-1
2023-03-18 23:37:45,138 INFO o.a.j.e.StandardJMeterEngine: Starting ThreadGroup: 2 : Workload 2 minute 10 users
2023-03-18 23:37:45,138 INFO o.a.j.e.StandardJMeterEngine: Starting 10 threads for group Workload 2 minute 10 users.
2023-03-18 23:37:45,138 INFO o.a.j.e.StandardJMeterEngine: Thread will continue on error
2023-03-18 23:37:45,138 INFO o.a.j.t.ThreadGroup: Starting thread group... number=2 threads=10 ramp-up=10 delayedStart=false
2023-03-18 23:37:45,138 INFO o.a.j.t.JMeterThread: Thread started: Workload 2 minute 10 users 2-1
2023-03-18 23:37:45,138 WARN o.a.j.c.TransactionController: Could not fetch SamplePackage
2023-03-18 23:37:45,148 INFO o.a.j.t.ThreadGroup: Started thread group number 2
2023-03-18 23:37:45,149 INFO o.a.j.e.StandardJMeterEngine: Waiting for thread group: Workload 2 minute 10 users to finish before starting next group
2023-03-18 23:37:46,147 INFO o.a.j.t.JMeterThread: Thread started: Workload 2 minute 10 users 2-2
2023-03-18 23:37:46,148 WARN o.a.j.c.TransactionController: Could not fetch SamplePackage
2023-03-18 23:37:47,148 INFO o.a.j.t.JMeterThread: Thread started: Workload 2 minute 10 users 2-3
2023-03-18 23:37:47,150 WARN o.a.j.c.TransactionController: Could not fetch SamplePackage
2023-03-18 23:37:48,142 INFO o.a.j.t.JMeterThread: Thread started: Workload 2 minute 10 users 2-4
2023-03-18 23:37:48,143 WARN o.a.j.c.TransactionController: Could not fetch SamplePackage
2023-03-18 23:37:49,142 INFO o.a.j.t.JMeterThread: Thread started: Workload 2 minute 10 users 2-5
2023-03-18 23:37:49,142 WARN o.a.j.c.TransactionController: Could not fetch SamplePackage
2023-03-18 23:37:50,142 INFO o.a.j.t.JMeterThread: Thread started: Workload 2 minute 10 users 2-6
2023-03-18 23:37:50,142 WARN o.a.j.c.TransactionController: Could not fetch SamplePackage
2023-03-18 23:37:51,141 INFO o.a.j.t.JMeterThread: Thread started: Workload 2 minute 10 users 2-7
2023-03-18 23:37:51,141 WARN o.a.j.c.TransactionController: Could not fetch SamplePackage
2023-03-18 23:37:52,142 INFO o.a.j.t.JMeterThread: Thread started: Workload 2 minute 10 users 2-8
2023-03-18 23:37:52,142 WARN o.a.j.c.TransactionController: Could not fetch SamplePackage
2023-03-18 23:37:53,142 INFO o.a.j.t.JMeterThread: Thread started: Workload 2 minute 10 users 2-9
2023-03-18 23:37:53,142 WARN o.a.j.c.TransactionController: Could not fetch SamplePackage
2023-03-18 23:37:54,142 INFO o.a.j.t.JMeterThread: Thread started: Workload 2 minute 10 users 2-10
2023-03-18 23:37:54,143 WARN o.a.j.c.TransactionController: Could not fetch SamplePackage
2023-03-18 23:38:31,708 INFO o.a.j.r.Summariser: summary +     21 in 00:00:57 =    0.4/s Avg:   591 Min:   393 Max:   864 Err:     0 (0.00%) Active: 10 Started: 15 Finished: 5
2023-03-18 23:38:31,708 INFO o.a.j.r.Summariser: summary =     33 in 00:01:45 =    0.3/s Avg:   628 Min:   382 Max:  2009 Err:     0 (0.00%)
2023-03-18 23:38:54,377 INFO o.a.j.t.JMeterThread: Thread finished: Workload 2 minute 10 users 2-5
2023-03-18 23:39:01,543 INFO o.a.j.r.Summariser: summary +     23 in 00:00:30 =    0.8/s Avg:   529 Min:   382 Max:   734 Err:     0 (0.00%) Active: 9 Started: 15 Finished: 6
2023-03-18 23:39:01,543 INFO o.a.j.r.Summariser: summary =     56 in 00:02:15 =    0.4/s Avg:   587 Min:   382 Max:  2009 Err:     0 (0.00%)
2023-03-18 23:39:02,752 INFO o.a.j.t.JMeterThread: Thread finished: Workload 2 minute 10 users 2-3
2023-03-18 23:39:16,791 INFO o.a.j.t.JMeterThread: Thread finished: Workload 2 minute 10 users 2-1
2023-03-18 23:39:20,590 INFO o.a.j.t.JMeterThread: Thread finished: Workload 2 minute 10 users 2-10
2023-03-18 23:39:24,403 INFO o.a.j.t.JMeterThread: Thread finished: Workload 2 minute 10 users 2-6
2023-03-18 23:39:40,398 INFO o.a.j.t.JMeterThread: Thread finished: Workload 2 minute 10 users 2-2
2023-03-18 23:39:40,413 INFO o.a.j.t.JMeterThread: Thread finished: Workload 2 minute 10 users 2-8
2023-03-18 23:39:41,315 INFO o.a.j.t.JMeterThread: Thread finished: Workload 2 minute 10 users 2-9
2023-03-18 23:39:43,155 INFO o.a.j.t.JMeterThread: Thread finished: Workload 2 minute 10 users 2-7
2023-03-18 23:39:45,122 INFO o.a.j.t.JMeterThread: Thread finished: Workload 2 minute 10 users 2-4
2023-03-18 23:39:45,122 INFO o.a.j.e.StandardJMeterEngine: Starting ThreadGroup: 3 : Workload 3 minute 15 users
2023-03-18 23:39:45,122 INFO o.a.j.e.StandardJMeterEngine: Starting 15 threads for group Workload 3 minute 15 users.
2023-03-18 23:39:45,122 INFO o.a.j.e.StandardJMeterEngine: Thread will continue on error
2023-03-18 23:39:45,122 INFO o.a.j.t.ThreadGroup: Starting thread group... number=3 threads=15 ramp-up=15 delayedStart=false
2023-03-18 23:39:45,137 INFO o.a.j.t.JMeterThread: Thread started: Workload 3 minute 15 users 3-1
2023-03-18 23:39:45,137 WARN o.a.j.c.TransactionController: Could not fetch SamplePackage
2023-03-18 23:39:45,137 INFO o.a.j.t.ThreadGroup: Started thread group number 3
2023-03-18 23:39:45,137 INFO o.a.j.e.StandardJMeterEngine: Waiting for thread group: Workload 3 minute 15 users to finish before starting next group
2023-03-18 23:39:46,152 INFO o.a.j.t.JMeterThread: Thread started: Workload 3 minute 15 users 3-2
2023-03-18 23:39:46,152 WARN o.a.j.c.TransactionController: Could not fetch SamplePackage
2023-03-18 23:39:47,128 INFO o.a.j.t.JMeterThread: Thread started: Workload 3 minute 15 users 3-3
2023-03-18 23:39:47,128 WARN o.a.j.c.TransactionController: Could not fetch SamplePackage
2023-03-18 23:39:48,132 INFO o.a.j.t.JMeterThread: Thread started: Workload 3 minute 15 users 3-4
2023-03-18 23:39:48,133 WARN o.a.j.c.TransactionController: Could not fetch SamplePackage
2023-03-18 23:39:49,137 INFO o.a.j.t.JMeterThread: Thread started: Workload 3 minute 15 users 3-5
2023-03-18 23:39:49,138 WARN o.a.j.c.TransactionController: Could not fetch SamplePackage
2023-03-18 23:39:50,123 INFO o.a.j.t.JMeterThread: Thread started: Workload 3 minute 15 users 3-6
2023-03-18 23:39:50,123 WARN o.a.j.c.TransactionController: Could not fetch SamplePackage
2023-03-18 23:39:51,127 INFO o.a.j.t.JMeterThread: Thread started: Workload 3 minute 15 users 3-7
2023-03-18 23:39:51,127 WARN o.a.j.c.TransactionController: Could not fetch SamplePackage
2023-03-18 23:39:52,136 INFO o.a.j.t.JMeterThread: Thread started: Workload 3 minute 15 users 3-8
2023-03-18 23:39:52,136 WARN o.a.j.c.TransactionController: Could not fetch SamplePackage
2023-03-18 23:39:53,127 INFO o.a.j.t.JMeterThread: Thread started: Workload 3 minute 15 users 3-9
2023-03-18 23:39:53,127 WARN o.a.j.c.TransactionController: Could not fetch SamplePackage
2023-03-18 23:39:54,128 INFO o.a.j.t.JMeterThread: Thread started: Workload 3 minute 15 users 3-10
2023-03-18 23:39:54,128 WARN o.a.j.c.TransactionController: Could not fetch SamplePackage
2023-03-18 23:39:55,123 INFO o.a.j.t.JMeterThread: Thread started: Workload 3 minute 15 users 3-11
2023-03-18 23:39:55,123 WARN o.a.j.c.TransactionController: Could not fetch SamplePackage
2023-03-18 23:39:56,126 INFO o.a.j.t.JMeterThread: Thread started: Workload 3 minute 15 users 3-12
2023-03-18 23:39:56,126 WARN o.a.j.c.TransactionController: Could not fetch SamplePackage
2023-03-18 23:39:57,135 INFO o.a.j.t.JMeterThread: Thread started: Workload 3 minute 15 users 3-13
2023-03-18 23:39:57,136 WARN o.a.j.c.TransactionController: Could not fetch SamplePackage
2023-03-18 23:39:58,125 INFO o.a.j.t.JMeterThread: Thread started: Workload 3 minute 15 users 3-14
2023-03-18 23:39:58,127 WARN o.a.j.c.TransactionController: Could not fetch SamplePackage
2023-03-18 23:39:59,136 INFO o.a.j.t.JMeterThread: Thread started: Workload 3 minute 15 users 3-15
2023-03-18 23:39:59,136 WARN o.a.j.c.TransactionController: Could not fetch SamplePackage
2023-03-18 23:40:00,031 INFO o.a.j.r.Summariser: summary +     48 in 00:00:58 =    0.8/s Avg:   606 Min:   387 Max:   901 Err:     0 (0.00%) Active: 15 Started: 30 Finished: 15
2023-03-18 23:40:00,031 INFO o.a.j.r.Summariser: summary =    104 in 00:03:14 =    0.5/s Avg:   596 Min:   382 Max:  2009 Err:     0 (0.00%)
2023-03-18 23:40:30,068 INFO o.a.j.r.Summariser: summary +     10 in 00:00:30 =    0.3/s Avg:   421 Min:   378 Max:   535 Err:     0 (0.00%) Active: 15 Started: 30 Finished: 15
2023-03-18 23:40:30,068 INFO o.a.j.r.Summariser: summary =    114 in 00:03:44 =    0.5/s Avg:   580 Min:   378 Max:  2009 Err:     0 (0.00%)
2023-03-18 23:41:01,270 INFO o.a.j.r.Summariser: summary +     42 in 00:00:31 =    1.3/s Avg:   479 Min:   368 Max:   684 Err:     0 (0.00%) Active: 15 Started: 30 Finished: 15
2023-03-18 23:41:01,270 INFO o.a.j.r.Summariser: summary =    156 in 00:04:15 =    0.6/s Avg:   553 Min:   368 Max:  2009 Err:     0 (0.00%)
2023-03-18 23:41:31,497 INFO o.a.j.r.Summariser: summary +     19 in 00:00:30 =    0.6/s Avg:   534 Min:   389 Max:   796 Err:     0 (0.00%) Active: 15 Started: 30 Finished: 15
2023-03-18 23:41:31,497 INFO o.a.j.r.Summariser: summary =    175 in 00:04:45 =    0.6/s Avg:   551 Min:   368 Max:  2009 Err:     0 (0.00%)
2023-03-18 23:41:56,909 WARN c.h.c.r.e.LoggingCSSParseErrorHandler: [10:11] Deprecated property name '*zoom'
2023-03-18 23:41:56,909 WARN c.h.c.r.e.LoggingCSSParseErrorHandler: [15:41] Deprecated property name '*display'
2023-03-18 23:41:56,909 WARN c.h.c.r.e.LoggingCSSParseErrorHandler: [15:57] Deprecated property name '*zoom'
2023-03-18 23:41:56,909 WARN c.h.c.r.e.LoggingCSSParseErrorHandler: [26:14] Deprecated property name '*overflow'
2023-03-18 23:41:56,909 WARN c.h.c.r.e.LoggingCSSParseErrorHandler: [39:24] Deprecated property name '*zoom'
2023-03-18 23:41:56,922 WARN c.h.c.r.e.LoggingCSSParseErrorHandler: [67:23] Deprecated property name '*zoom'
2023-03-18 23:41:56,922 WARN c.h.c.r.e.LoggingCSSParseErrorHandler: [69:190] Deprecated property name '*margin-left'
2023-03-18 23:41:56,922 WARN c.h.c.r.e.LoggingCSSParseErrorHandler: [72:31] Deprecated property name '*width'
2023-03-18 23:41:56,922 WARN c.h.c.r.e.LoggingCSSParseErrorHandler: [73:45] Deprecated property name '*width'
2023-03-18 23:41:56,922 WARN c.h.c.r.e.LoggingCSSParseErrorHandler: [74:45] Deprecated property name '*width'
2023-03-18 23:41:56,922 WARN c.h.c.r.e.LoggingCSSParseErrorHandler: [75:44] Deprecated property name '*width'
2023-03-18 23:41:56,925 WARN c.h.c.r.e.LoggingCSSParseErrorHandler: [76:44] Deprecated property name '*width'
2023-03-18 23:41:56,925 WARN c.h.c.r.e.LoggingCSSParseErrorHandler: [77:44] Deprecated property name '*width'
2023-03-18 23:41:56,925 WARN c.h.c.r.e.LoggingCSSParseErrorHandler: [78:44] Deprecated property name '*width'
2023-03-18 23:41:56,925 WARN c.h.c.r.e.LoggingCSSParseErrorHandler: [79:44] Deprecated property name '*width'
2023-03-18 23:41:56,925 WARN c.h.c.r.e.LoggingCSSParseErrorHandler: [80:45] Deprecated property name '*width'
2023-03-18 23:41:56,925 WARN c.h.c.r.e.LoggingCSSParseErrorHandler: [81:45] Deprecated property name '*width'
2023-03-18 23:41:56,925 WARN c.h.c.r.e.LoggingCSSParseErrorHandler: [82:45] Deprecated property name '*width'
2023-03-18 23:41:56,925 WARN c.h.c.r.e.LoggingCSSParseErrorHandler: [83:44] Deprecated property name '*width'
2023-03-18 23:41:56,925 WARN c.h.c.r.e.LoggingCSSParseErrorHandler: [84:54] Deprecated property name '*margin-left'
2023-03-18 23:41:56,925 WARN c.h.c.r.e.LoggingCSSParseErrorHandler: [85:66] Deprecated property name '*margin-left'
2023-03-18 23:41:56,925 WARN c.h.c.r.e.LoggingCSSParseErrorHandler: [86:53] Deprecated property name '*margin-left'
2023-03-18 23:41:56,925 WARN c.h.c.r.e.LoggingCSSParseErrorHandler: [87:65] Deprecated property name '*margin-left'
2023-03-18 23:41:56,925 WARN c.h.c.r.e.LoggingCSSParseErrorHandler: [88:53] Deprecated property name '*margin-left'
2023-03-18 23:41:56,925 WARN c.h.c.r.e.LoggingCSSParseErrorHandler: [89:64] Deprecated property name '*margin-left'
2023-03-18 23:41:56,925 WARN c.h.c.r.e.LoggingCSSParseErrorHandler: [90:52] Deprecated property name '*margin-left'
2023-03-18 23:41:56,925 WARN c.h.c.r.e.LoggingCSSParseErrorHandler: [91:64] Deprecated property name '*margin-left'
2023-03-18 23:41:56,925 WARN c.h.c.r.e.LoggingCSSParseErrorHandler: [92:51] Deprecated property name '*margin-left'
2023-03-18 23:41:56,925 WARN c.h.c.r.e.LoggingCSSParseErrorHandler: [93:64] Deprecated property name '*margin-left'
2023-03-18 23:41:56,925 WARN c.h.c.r.e.LoggingCSSParseErrorHandler: [94:52] Deprecated property name '*margin-left'
2023-03-18 23:41:56,925 WARN c.h.c.r.e.LoggingCSSParseErrorHandler: [95:65] Deprecated property name '*margin-left'
2023-03-18 23:41:56,925 WARN c.h.c.r.e.LoggingCSSParseErrorHandler: [96:53] Deprecated property name '*margin-left'
2023-03-18 23:41:56,925 WARN c.h.c.r.e.LoggingCSSParseErrorHandler: [97:65] Deprecated property name '*margin-left'
2023-03-18 23:41:56,925 WARN c.h.c.r.e.LoggingCSSParseErrorHandler: [98:52] Deprecated property name '*margin-left'
2023-03-18 23:41:56,925 WARN c.h.c.r.e.LoggingCSSParseErrorHandler: [99:63] Deprecated property name '*margin-left'
2023-03-18 23:41:56,925 WARN c.h.c.r.e.LoggingCSSParseErrorHandler: [100:53] Deprecated property name '*margin-left'
2023-03-18 23:41:56,925 WARN c.h.c.r.e.LoggingCSSParseErrorHandler: [101:64] Deprecated property name '*margin-left'
2023-03-18 23:41:56,925 WARN c.h.c.r.e.LoggingCSSParseErrorHandler: [102:53] Deprecated property name '*margin-left'
2023-03-18 23:41:56,925 WARN c.h.c.r.e.LoggingCSSParseErrorHandler: [103:64] Deprecated property name '*margin-left'
2023-03-18 23:41:56,925 WARN c.h.c.r.e.LoggingCSSParseErrorHandler: [104:53] Deprecated property name '*margin-left'
2023-03-18 23:41:56,925 WARN c.h.c.r.e.LoggingCSSParseErrorHandler: [105:64] Deprecated property name '*margin-left'
2023-03-18 23:41:56,925 WARN c.h.c.r.e.LoggingCSSParseErrorHandler: [106:53] Deprecated property name '*margin-left'
2023-03-18 23:41:56,925 WARN c.h.c.r.e.LoggingCSSParseErrorHandler: [107:63] Deprecated property name '*margin-left'
2023-03-18 23:41:56,925 WARN c.h.c.r.e.LoggingCSSParseErrorHandler: [110:47] Deprecated property name '*zoom'
2023-03-18 23:41:56,925 WARN c.h.c.r.e.LoggingCSSParseErrorHandler: [112:55] Deprecated property name '*zoom'
2023-03-18 23:41:56,939 WARN c.h.c.r.e.LoggingCSSParseErrorHandler: [150:99] Deprecated property name '*display'
2023-03-18 23:41:56,939 WARN c.h.c.r.e.LoggingCSSParseErrorHandler: [150:115] Deprecated property name '*zoom'
2023-03-18 23:41:56,939 WARN c.h.c.r.e.LoggingCSSParseErrorHandler: [155:16] Deprecated property name '*zoom'
2023-03-18 23:41:56,940 WARN c.h.c.r.e.LoggingCSSParseErrorHandler: [199:67] Deprecated property name '*border-collapse'
2023-03-18 23:41:56,940 WARN c.h.c.r.e.LoggingCSSParseErrorHandler: [242:59] Deprecated property name '*margin-top'
2023-03-18 23:41:56,940 WARN c.h.c.r.e.LoggingCSSParseErrorHandler: [244:39] Deprecated property name '*margin-top'
2023-03-18 23:41:56,940 WARN c.h.c.r.e.LoggingCSSParseErrorHandler: [281:15] Deprecated property name '*zoom'
2023-03-18 23:41:56,940 WARN c.h.c.r.e.LoggingCSSParseErrorHandler: [304:127] Deprecated property name '*zoom'
2023-03-18 23:41:56,940 WARN c.h.c.r.e.LoggingCSSParseErrorHandler: [308:35] Deprecated property name '*display'
2023-03-18 23:41:56,940 WARN c.h.c.r.e.LoggingCSSParseErrorHandler: [308:51] Deprecated property name '*zoom'
2023-03-18 23:41:56,940 WARN c.h.c.r.e.LoggingCSSParseErrorHandler: [310:184] Deprecated property name '*margin-left'
2023-03-18 23:41:56,956 WARN c.h.c.r.e.LoggingCSSParseErrorHandler: [329:569] Deprecated property name '*display'
2023-03-18 23:41:56,956 WARN c.h.c.r.e.LoggingCSSParseErrorHandler: [329:585] Deprecated property name '*zoom'
2023-03-18 23:41:56,956 WARN c.h.c.r.e.LoggingCSSParseErrorHandler: [337:52] Deprecated property name '*zoom'
2023-03-18 23:41:56,956 WARN c.h.c.r.e.LoggingCSSParseErrorHandler: [340:28] Deprecated property name '*display'
2023-03-18 23:41:56,956 WARN c.h.c.r.e.LoggingCSSParseErrorHandler: [340:50] Deprecated property name '*padding-left'
2023-03-18 23:41:56,956 WARN c.h.c.r.e.LoggingCSSParseErrorHandler: [340:87] Deprecated property name '*margin-left'
2023-03-18 23:41:56,956 WARN c.h.c.r.e.LoggingCSSParseErrorHandler: [340:142] Deprecated property name '*padding-left'
2023-03-18 23:41:56,956 WARN c.h.c.r.e.LoggingCSSParseErrorHandler: [344:27] Deprecated property name '*display'
2023-03-18 23:41:56,956 WARN c.h.c.r.e.LoggingCSSParseErrorHandler: [344:43] Deprecated property name '*zoom'
2023-03-18 23:41:56,956 WARN c.h.c.r.e.LoggingCSSParseErrorHandler: [344:840] Deprecated property name '*background-color'
2023-03-18 23:41:56,956 WARN c.h.c.r.e.LoggingCSSParseErrorHandler: [344:958] Deprecated property name '*border'
2023-03-18 23:41:56,956 WARN c.h.c.r.e.LoggingCSSParseErrorHandler: [344:1063] Deprecated property name '*margin-left'
2023-03-18 23:41:56,956 WARN c.h.c.r.e.LoggingCSSParseErrorHandler: [344:1428] Deprecated property name '*background-color'
2023-03-18 23:41:56,956 WARN c.h.c.r.e.LoggingCSSParseErrorHandler: [346:18] Deprecated property name '*margin-left'
2023-03-18 23:41:56,956 WARN c.h.c.r.e.LoggingCSSParseErrorHandler: [361:676] Deprecated property name '*background-color'
2023-03-18 23:41:56,956 WARN c.h.c.r.e.LoggingCSSParseErrorHandler: [361:932] Deprecated property name '*background-color'
2023-03-18 23:41:56,956 WARN c.h.c.r.e.LoggingCSSParseErrorHandler: [363:676] Deprecated property name '*background-color'
2023-03-18 23:41:56,956 WARN c.h.c.r.e.LoggingCSSParseErrorHandler: [363:932] Deprecated property name '*background-color'
2023-03-18 23:41:56,956 WARN c.h.c.r.e.LoggingCSSParseErrorHandler: [365:675] Deprecated property name '*background-color'
2023-03-18 23:41:56,956 WARN c.h.c.r.e.LoggingCSSParseErrorHandler: [365:925] Deprecated property name '*background-color'
2023-03-18 23:41:56,956 WARN c.h.c.r.e.LoggingCSSParseErrorHandler: [367:676] Deprecated property name '*background-color'
2023-03-18 23:41:56,956 WARN c.h.c.r.e.LoggingCSSParseErrorHandler: [367:932] Deprecated property name '*background-color'
2023-03-18 23:41:56,956 WARN c.h.c.r.e.LoggingCSSParseErrorHandler: [369:673] Deprecated property name '*background-color'
2023-03-18 23:41:56,956 WARN c.h.c.r.e.LoggingCSSParseErrorHandler: [369:911] Deprecated property name '*background-color'
2023-03-18 23:41:56,956 WARN c.h.c.r.e.LoggingCSSParseErrorHandler: [371:676] Deprecated property name '*background-color'
2023-03-18 23:41:56,956 WARN c.h.c.r.e.LoggingCSSParseErrorHandler: [371:932] Deprecated property name '*background-color'
2023-03-18 23:41:56,956 WARN c.h.c.r.e.LoggingCSSParseErrorHandler: [373:37] Deprecated property name '*padding-top'
2023-03-18 23:41:56,956 WARN c.h.c.r.e.LoggingCSSParseErrorHandler: [373:54] Deprecated property name '*padding-bottom'
2023-03-18 23:41:56,956 WARN c.h.c.r.e.LoggingCSSParseErrorHandler: [374:57] Deprecated property name '*padding-top'
2023-03-18 23:41:56,956 WARN c.h.c.r.e.LoggingCSSParseErrorHandler: [374:74] Deprecated property name '*padding-bottom'
2023-03-18 23:41:56,956 WARN c.h.c.r.e.LoggingCSSParseErrorHandler: [375:57] Deprecated property name '*padding-top'
2023-03-18 23:41:56,956 WARN c.h.c.r.e.LoggingCSSParseErrorHandler: [375:74] Deprecated property name '*padding-bottom'
2023-03-18 23:41:56,956 WARN c.h.c.r.e.LoggingCSSParseErrorHandler: [376:55] Deprecated property name '*padding-top'
2023-03-18 23:41:56,956 WARN c.h.c.r.e.LoggingCSSParseErrorHandler: [376:72] Deprecated property name '*padding-bottom'
2023-03-18 23:41:56,970 WARN c.h.c.r.e.LoggingCSSParseErrorHandler: [381:80] Deprecated property name '*margin-right'
2023-03-18 23:41:56,972 WARN c.h.c.r.e.LoggingCSSParseErrorHandler: [523:51] Deprecated property name '*display'
2023-03-18 23:41:56,972 WARN c.h.c.r.e.LoggingCSSParseErrorHandler: [523:67] Deprecated property name '*zoom'
2023-03-18 23:41:56,972 WARN c.h.c.r.e.LoggingCSSParseErrorHandler: [523:128] Deprecated property name '*margin-left'
2023-03-18 23:41:56,972 WARN c.h.c.r.e.LoggingCSSParseErrorHandler: [523:170] Deprecated property name '*margin-left'
2023-03-18 23:41:56,972 WARN c.h.c.r.e.LoggingCSSParseErrorHandler: [538:415] Deprecated property name '*padding-top'
2023-03-18 23:41:56,972 WARN c.h.c.r.e.LoggingCSSParseErrorHandler: [538:432] Deprecated property name '*padding-bottom'
2023-03-18 23:41:56,972 WARN c.h.c.r.e.LoggingCSSParseErrorHandler: [539:74] Deprecated property name '*padding-top'
2023-03-18 23:41:56,972 WARN c.h.c.r.e.LoggingCSSParseErrorHandler: [539:91] Deprecated property name '*padding-bottom'
2023-03-18 23:41:56,972 WARN c.h.c.r.e.LoggingCSSParseErrorHandler: [540:40] Deprecated property name '*padding-top'
2023-03-18 23:41:56,972 WARN c.h.c.r.e.LoggingCSSParseErrorHandler: [540:57] Deprecated property name '*padding-bottom'
2023-03-18 23:41:56,972 WARN c.h.c.r.e.LoggingCSSParseErrorHandler: [541:77] Deprecated property name '*padding-top'
2023-03-18 23:41:56,972 WARN c.h.c.r.e.LoggingCSSParseErrorHandler: [541:94] Deprecated property name '*padding-bottom'
2023-03-18 23:41:56,972 WARN c.h.c.r.e.LoggingCSSParseErrorHandler: [556:42] Deprecated property name '*display'
2023-03-18 23:41:56,972 WARN c.h.c.r.e.LoggingCSSParseErrorHandler: [556:58] Deprecated property name '*zoom'
2023-03-18 23:41:56,988 WARN c.h.c.r.e.LoggingCSSParseErrorHandler: [575:20] Deprecated property name '*width'
2023-03-18 23:41:56,988 WARN c.h.c.r.e.LoggingCSSParseErrorHandler: [575:58] Deprecated property name '*margin'
2023-03-18 23:41:56,988 WARN c.h.c.r.e.LoggingCSSParseErrorHandler: [576:22] Deprecated property name '*zoom'
2023-03-18 23:41:56,988 WARN c.h.c.r.e.LoggingCSSParseErrorHandler: [606:11] Deprecated property name '*zoom'
2023-03-18 23:41:56,988 WARN c.h.c.r.e.LoggingCSSParseErrorHandler: [621:146] Deprecated property name '*border-right-color'
2023-03-18 23:41:56,988 WARN c.h.c.r.e.LoggingCSSParseErrorHandler: [625:149] Deprecated property name '*border-left-color'
2023-03-18 23:41:56,988 WARN c.h.c.r.e.LoggingCSSParseErrorHandler: [628:45] Deprecated property name '*position'
2023-03-18 23:41:56,988 WARN c.h.c.r.e.LoggingCSSParseErrorHandler: [628:64] Deprecated property name '*z-index'
2023-03-18 23:41:56,988 WARN c.h.c.r.e.LoggingCSSParseErrorHandler: [629:798] Deprecated property name '*zoom'
2023-03-18 23:41:56,988 WARN c.h.c.r.e.LoggingCSSParseErrorHandler: [639:30] Deprecated property name '*zoom'
2023-03-18 23:41:56,988 WARN c.h.c.r.e.LoggingCSSParseErrorHandler: [662:758] Deprecated property name '*background-color'
2023-03-18 23:41:56,988 WARN c.h.c.r.e.LoggingCSSParseErrorHandler: [662:1303] Deprecated property name '*background-color'
2023-03-18 23:41:56,988 WARN c.h.c.r.e.LoggingCSSParseErrorHandler: [693:691] Deprecated property name '*background-color'
2023-03-18 23:41:56,988 WARN c.h.c.r.e.LoggingCSSParseErrorHandler: [693:1037] Deprecated property name '*background-color'
2023-03-18 23:41:56,988 WARN c.h.c.r.e.LoggingCSSParseErrorHandler: [695:191] Deprecated property name '*display'
2023-03-18 23:41:56,988 WARN c.h.c.r.e.LoggingCSSParseErrorHandler: [695:207] Deprecated property name '*zoom'
2023-03-18 23:41:56,988 WARN c.h.c.r.e.LoggingCSSParseErrorHandler: [698:37] Deprecated property name '*display'
2023-03-18 23:41:56,988 WARN c.h.c.r.e.LoggingCSSParseErrorHandler: [698:53] Deprecated property name '*zoom'
2023-03-18 23:41:56,988 WARN c.h.c.r.e.LoggingCSSParseErrorHandler: [715:56] Deprecated property name '*zoom'
2023-03-18 23:41:56,988 WARN c.h.c.r.e.LoggingCSSParseErrorHandler: [723:47] Deprecated property name '*zoom'
2023-03-18 23:41:57,019 WARN c.h.c.r.e.LoggingCSSParseErrorHandler: [759:36] Deprecated property name '*overflow'
2023-03-18 23:41:57,019 WARN c.h.c.r.e.LoggingCSSParseErrorHandler: [793:167] Deprecated property name '*border'
2023-03-18 23:41:57,019 WARN c.h.c.r.e.LoggingCSSParseErrorHandler: [799:325] Deprecated property name '*zoom'
2023-03-18 23:41:57,019 WARN c.h.c.r.e.LoggingCSSParseErrorHandler: [805:18] Deprecated property name '*margin-bottom'
2023-03-18 23:41:57,019 WARN c.h.c.r.e.LoggingCSSParseErrorHandler: [809:231] Deprecated property name '*border-right-width'
2023-03-18 23:41:57,019 WARN c.h.c.r.e.LoggingCSSParseErrorHandler: [809:255] Deprecated property name '*border-bottom-width'
2023-03-18 23:41:57,019 WARN c.h.c.r.e.LoggingCSSParseErrorHandler: [810:25] Deprecated property name '*width'
2023-03-18 23:41:57,019 WARN c.h.c.r.e.LoggingCSSParseErrorHandler: [810:63] Deprecated property name '*margin'
2023-03-18 23:41:57,019 WARN c.h.c.r.e.LoggingCSSParseErrorHandler: [816:7] Deprecated property name '*z-index'
2023-03-18 23:41:57,019 WARN c.h.c.r.e.LoggingCSSParseErrorHandler: [873:2253] Deprecated property name '*zoom'
2023-03-18 23:41:57,034 WARN c.h.c.r.e.LoggingCSSParseErrorHandler: [873:3153] Deprecated property name '*zoom'
2023-03-18 23:41:57,034 WARN c.h.c.r.e.LoggingCSSParseErrorHandler: [873:3458] Deprecated property name '*margin-left'
2023-03-18 23:41:57,035 WARN c.h.c.r.e.LoggingCSSParseErrorHandler: [873:3668] Deprecated property name '*width'
2023-03-18 23:41:57,035 WARN c.h.c.r.e.LoggingCSSParseErrorHandler: [873:3740] Deprecated property name '*width'
2023-03-18 23:41:57,035 WARN c.h.c.r.e.LoggingCSSParseErrorHandler: [873:3812] Deprecated property name '*width'
2023-03-18 23:41:57,035 WARN c.h.c.r.e.LoggingCSSParseErrorHandler: [873:3883] Deprecated property name '*width'
2023-03-18 23:41:57,035 WARN c.h.c.r.e.LoggingCSSParseErrorHandler: [873:3954] Deprecated property name '*width'
2023-03-18 23:41:57,035 WARN c.h.c.r.e.LoggingCSSParseErrorHandler: [873:4025] Deprecated property name '*width'
2023-03-18 23:41:57,035 WARN c.h.c.r.e.LoggingCSSParseErrorHandler: [873:4096] Deprecated property name '*width'
2023-03-18 23:41:57,035 WARN c.h.c.r.e.LoggingCSSParseErrorHandler: [873:4167] Deprecated property name '*width'
2023-03-18 23:41:57,035 WARN c.h.c.r.e.LoggingCSSParseErrorHandler: [873:4239] Deprecated property name '*width'
2023-03-18 23:41:57,035 WARN c.h.c.r.e.LoggingCSSParseErrorHandler: [873:4310] Deprecated property name '*width'
2023-03-18 23:41:57,035 WARN c.h.c.r.e.LoggingCSSParseErrorHandler: [873:4380] Deprecated property name '*width'
2023-03-18 23:41:57,035 WARN c.h.c.r.e.LoggingCSSParseErrorHandler: [873:4452] Deprecated property name '*width'
2023-03-18 23:41:57,035 WARN c.h.c.r.e.LoggingCSSParseErrorHandler: [873:4533] Deprecated property name '*margin-left'
2023-03-18 23:41:57,035 WARN c.h.c.r.e.LoggingCSSParseErrorHandler: [873:4633] Deprecated property name '*margin-left'
2023-03-18 23:41:57,035 WARN c.h.c.r.e.LoggingCSSParseErrorHandler: [873:4719] Deprecated property name '*margin-left'
2023-03-18 23:41:57,035 WARN c.h.c.r.e.LoggingCSSParseErrorHandler: [873:4815] Deprecated property name '*margin-left'
2023-03-18 23:41:57,035 WARN c.h.c.r.e.LoggingCSSParseErrorHandler: [873:4901] Deprecated property name '*margin-left'
2023-03-18 23:41:57,035 WARN c.h.c.r.e.LoggingCSSParseErrorHandler: [873:4997] Deprecated property name '*margin-left'
2023-03-18 23:41:57,035 WARN c.h.c.r.e.LoggingCSSParseErrorHandler: [873:5081] Deprecated property name '*margin-left'
2023-03-18 23:41:57,035 WARN c.h.c.r.e.LoggingCSSParseErrorHandler: [873:5178] Deprecated property name '*margin-left'
2023-03-18 23:41:57,035 WARN c.h.c.r.e.LoggingCSSParseErrorHandler: [873:5262] Deprecated property name '*margin-left'
2023-03-18 23:41:57,035 WARN c.h.c.r.e.LoggingCSSParseErrorHandler: [873:5359] Deprecated property name '*margin-left'
2023-03-18 23:41:57,035 WARN c.h.c.r.e.LoggingCSSParseErrorHandler: [873:5444] Deprecated property name '*margin-left'
2023-03-18 23:41:57,035 WARN c.h.c.r.e.LoggingCSSParseErrorHandler: [873:5542] Deprecated property name '*margin-left'
2023-03-18 23:41:57,035 WARN c.h.c.r.e.LoggingCSSParseErrorHandler: [873:5628] Deprecated property name '*margin-left'
2023-03-18 23:41:57,035 WARN c.h.c.r.e.LoggingCSSParseErrorHandler: [873:5726] Deprecated property name '*margin-left'
2023-03-18 23:41:57,035 WARN c.h.c.r.e.LoggingCSSParseErrorHandler: [873:5811] Deprecated property name '*margin-left'
2023-03-18 23:41:57,035 WARN c.h.c.r.e.LoggingCSSParseErrorHandler: [873:5908] Deprecated property name '*margin-left'
2023-03-18 23:41:57,035 WARN c.h.c.r.e.LoggingCSSParseErrorHandler: [873:5993] Deprecated property name '*margin-left'
2023-03-18 23:41:57,035 WARN c.h.c.r.e.LoggingCSSParseErrorHandler: [873:6090] Deprecated property name '*margin-left'
2023-03-18 23:41:57,035 WARN c.h.c.r.e.LoggingCSSParseErrorHandler: [873:6175] Deprecated property name '*margin-left'
2023-03-18 23:41:57,035 WARN c.h.c.r.e.LoggingCSSParseErrorHandler: [873:6273] Deprecated property name '*margin-left'
2023-03-18 23:41:57,035 WARN c.h.c.r.e.LoggingCSSParseErrorHandler: [873:6359] Deprecated property name '*margin-left'
2023-03-18 23:41:57,035 WARN c.h.c.r.e.LoggingCSSParseErrorHandler: [873:6457] Deprecated property name '*margin-left'
2023-03-18 23:41:57,035 WARN c.h.c.r.e.LoggingCSSParseErrorHandler: [873:6542] Deprecated property name '*margin-left'
2023-03-18 23:41:57,035 WARN c.h.c.r.e.LoggingCSSParseErrorHandler: [873:6639] Deprecated property name '*margin-left'
2023-03-18 23:41:57,035 WARN c.h.c.r.e.LoggingCSSParseErrorHandler: [873:7623] Deprecated property name '*zoom'
2023-03-18 23:41:57,035 WARN c.h.c.r.e.LoggingCSSParseErrorHandler: [873:8530] Deprecated property name '*zoom'
2023-03-18 23:41:57,035 WARN c.h.c.r.e.LoggingCSSParseErrorHandler: [873:8834] Deprecated property name '*margin-left'
2023-03-18 23:41:57,050 WARN c.h.c.r.e.LoggingCSSParseErrorHandler: [873:9044] Deprecated property name '*width'
2023-03-18 23:41:57,050 WARN c.h.c.r.e.LoggingCSSParseErrorHandler: [873:9116] Deprecated property name '*width'
2023-03-18 23:41:57,050 WARN c.h.c.r.e.LoggingCSSParseErrorHandler: [873:9188] Deprecated property name '*width'
2023-03-18 23:41:57,050 WARN c.h.c.r.e.LoggingCSSParseErrorHandler: [873:9258] Deprecated property name '*width'
2023-03-18 23:41:57,050 WARN c.h.c.r.e.LoggingCSSParseErrorHandler: [873:9329] Deprecated property name '*width'
2023-03-18 23:41:57,050 WARN c.h.c.r.e.LoggingCSSParseErrorHandler: [873:9400] Deprecated property name '*width'
2023-03-18 23:41:57,050 WARN c.h.c.r.e.LoggingCSSParseErrorHandler: [873:9472] Deprecated property name '*width'
2023-03-18 23:41:57,050 WARN c.h.c.r.e.LoggingCSSParseErrorHandler: [873:9544] Deprecated property name '*width'
2023-03-18 23:41:57,050 WARN c.h.c.r.e.LoggingCSSParseErrorHandler: [873:9616] Deprecated property name '*width'
2023-03-18 23:41:57,050 WARN c.h.c.r.e.LoggingCSSParseErrorHandler: [873:9689] Deprecated property name '*width'
2023-03-18 23:41:57,050 WARN c.h.c.r.e.LoggingCSSParseErrorHandler: [873:9761] Deprecated property name '*width'
2023-03-18 23:41:57,050 WARN c.h.c.r.e.LoggingCSSParseErrorHandler: [873:9833] Deprecated property name '*width'
2023-03-18 23:41:57,050 WARN c.h.c.r.e.LoggingCSSParseErrorHandler: [873:9914] Deprecated property name '*margin-left'
2023-03-18 23:41:57,050 WARN c.h.c.r.e.LoggingCSSParseErrorHandler: [873:10014] Deprecated property name '*margin-left'
2023-03-18 23:41:57,050 WARN c.h.c.r.e.LoggingCSSParseErrorHandler: [873:10101] Deprecated property name '*margin-left'
2023-03-18 23:41:57,050 WARN c.h.c.r.e.LoggingCSSParseErrorHandler: [873:10199] Deprecated property name '*margin-left'
2023-03-18 23:41:57,050 WARN c.h.c.r.e.LoggingCSSParseErrorHandler: [873:10285] Deprecated property name '*margin-left'
2023-03-18 23:41:57,050 WARN c.h.c.r.e.LoggingCSSParseErrorHandler: [873:10383] Deprecated property name '*margin-left'
2023-03-18 23:41:57,050 WARN c.h.c.r.e.LoggingCSSParseErrorHandler: [873:10468] Deprecated property name '*margin-left'
2023-03-18 23:41:57,050 WARN c.h.c.r.e.LoggingCSSParseErrorHandler: [873:10565] Deprecated property name '*margin-left'
2023-03-18 23:41:57,050 WARN c.h.c.r.e.LoggingCSSParseErrorHandler: [873:10650] Deprecated property name '*margin-left'
2023-03-18 23:41:57,050 WARN c.h.c.r.e.LoggingCSSParseErrorHandler: [873:10747] Deprecated property name '*margin-left'
2023-03-18 23:41:57,050 WARN c.h.c.r.e.LoggingCSSParseErrorHandler: [873:10833] Deprecated property name '*margin-left'
2023-03-18 23:41:57,050 WARN c.h.c.r.e.LoggingCSSParseErrorHandler: [873:10930] Deprecated property name '*margin-left'
2023-03-18 23:41:57,050 WARN c.h.c.r.e.LoggingCSSParseErrorHandler: [873:11015] Deprecated property name '*margin-left'
2023-03-18 23:41:57,050 WARN c.h.c.r.e.LoggingCSSParseErrorHandler: [873:11113] Deprecated property name '*margin-left'
2023-03-18 23:41:57,055 WARN c.h.c.r.e.LoggingCSSParseErrorHandler: [873:11200] Deprecated property name '*margin-left'
2023-03-18 23:41:57,055 WARN c.h.c.r.e.LoggingCSSParseErrorHandler: [873:11296] Deprecated property name '*margin-left'
2023-03-18 23:41:57,056 WARN c.h.c.r.e.LoggingCSSParseErrorHandler: [873:11381] Deprecated property name '*margin-left'
2023-03-18 23:41:57,056 WARN c.h.c.r.e.LoggingCSSParseErrorHandler: [873:11479] Deprecated property name '*margin-left'
2023-03-18 23:41:57,056 WARN c.h.c.r.e.LoggingCSSParseErrorHandler: [873:11566] Deprecated property name '*margin-left'
2023-03-18 23:41:57,056 WARN c.h.c.r.e.LoggingCSSParseErrorHandler: [873:11663] Deprecated property name '*margin-left'
2023-03-18 23:41:57,056 WARN c.h.c.r.e.LoggingCSSParseErrorHandler: [873:11748] Deprecated property name '*margin-left'
2023-03-18 23:41:57,056 WARN c.h.c.r.e.LoggingCSSParseErrorHandler: [873:11847] Deprecated property name '*margin-left'
2023-03-18 23:41:57,056 WARN c.h.c.r.e.LoggingCSSParseErrorHandler: [873:11932] Deprecated property name '*margin-left'
2023-03-18 23:41:57,056 WARN c.h.c.r.e.LoggingCSSParseErrorHandler: [873:12030] Deprecated property name '*margin-left'
2023-03-18 23:42:01,285 INFO o.a.j.r.Summariser: summary +     35 in 00:00:30 =    1.2/s Avg:   480 Min:   377 Max:   722 Err:     0 (0.00%) Active: 15 Started: 30 Finished: 15
2023-03-18 23:42:01,285 INFO o.a.j.r.Summariser: summary =    210 in 00:05:15 =    0.7/s Avg:   539 Min:   368 Max:  2009 Err:     0 (0.00%)
2023-03-18 23:42:16,272 INFO o.a.j.t.JMeterThread: Thread finished: Workload 3 minute 15 users 3-13
2023-03-18 23:42:21,073 INFO o.a.j.t.JMeterThread: Thread finished: Workload 3 minute 15 users 3-10
2023-03-18 23:42:22,523 INFO o.a.j.t.JMeterThread: Thread finished: Workload 3 minute 15 users 3-15
2023-03-18 23:42:28,167 INFO o.a.j.t.JMeterThread: Thread finished: Workload 3 minute 15 users 3-6
2023-03-18 23:42:30,360 INFO o.a.j.r.Summariser: summary +     29 in 00:00:29 =    1.0/s Avg:   547 Min:   372 Max:   694 Err:     0 (0.00%) Active: 11 Started: 30 Finished: 19
2023-03-18 23:42:30,361 INFO o.a.j.r.Summariser: summary =    239 in 00:05:44 =    0.7/s Avg:   540 Min:   368 Max:  2009 Err:     0 (0.00%)
2023-03-18 23:42:30,361 INFO o.a.j.t.JMeterThread: Thread finished: Workload 3 minute 15 users 3-7
2023-03-18 23:42:33,022 INFO o.a.j.t.JMeterThread: Thread finished: Workload 3 minute 15 users 3-2
2023-03-18 23:42:37,317 INFO o.a.j.t.JMeterThread: Thread finished: Workload 3 minute 15 users 3-1
2023-03-18 23:42:37,568 INFO o.a.j.t.JMeterThread: Thread finished: Workload 3 minute 15 users 3-11
2023-03-18 23:42:40,305 INFO o.a.j.t.JMeterThread: Thread finished: Workload 3 minute 15 users 3-14
2023-03-18 23:42:40,571 INFO o.a.j.t.JMeterThread: Thread finished: Workload 3 minute 15 users 3-12
2023-03-18 23:42:41,217 INFO o.a.j.t.JMeterThread: Thread finished: Workload 3 minute 15 users 3-9
2023-03-18 23:42:41,517 INFO o.a.j.t.JMeterThread: Thread finished: Workload 3 minute 15 users 3-5
2023-03-18 23:42:42,161 INFO o.a.j.t.JMeterThread: Thread finished: Workload 3 minute 15 users 3-4
2023-03-18 23:42:42,368 INFO o.a.j.t.JMeterThread: Thread finished: Workload 3 minute 15 users 3-3
2023-03-18 23:42:45,411 INFO o.a.j.t.JMeterThread: Stopping because end time detected by thread: Workload 3 minute 15 users 3-8
2023-03-18 23:42:45,411 INFO o.a.j.t.JMeterThread: Thread finished: Workload 3 minute 15 users 3-8
2023-03-18 23:42:45,411 INFO o.a.j.e.StandardJMeterEngine: Starting ThreadGroup: 4 : Workload 4 minute 20 users
2023-03-18 23:42:45,411 INFO o.a.j.e.StandardJMeterEngine: Starting 20 threads for group Workload 4 minute 20 users.
2023-03-18 23:42:45,411 INFO o.a.j.e.StandardJMeterEngine: Thread will continue on error
2023-03-18 23:42:45,411 INFO o.a.j.t.ThreadGroup: Starting thread group... number=4 threads=20 ramp-up=20 delayedStart=false
2023-03-18 23:42:45,411 INFO o.a.j.t.JMeterThread: Thread started: Workload 4 minute 20 users 4-1
2023-03-18 23:42:45,411 WARN o.a.j.c.TransactionController: Could not fetch SamplePackage
2023-03-18 23:42:45,429 INFO o.a.j.t.ThreadGroup: Started thread group number 4
2023-03-18 23:42:45,429 INFO o.a.j.e.StandardJMeterEngine: All thread groups have been started
2023-03-18 23:42:46,437 INFO o.a.j.t.JMeterThread: Thread started: Workload 4 minute 20 users 4-2
2023-03-18 23:42:46,437 WARN o.a.j.c.TransactionController: Could not fetch SamplePackage
2023-03-18 23:42:47,423 INFO o.a.j.t.JMeterThread: Thread started: Workload 4 minute 20 users 4-3
2023-03-18 23:42:47,424 WARN o.a.j.c.TransactionController: Could not fetch SamplePackage
2023-03-18 23:42:48,425 INFO o.a.j.t.JMeterThread: Thread started: Workload 4 minute 20 users 4-4
2023-03-18 23:42:48,425 WARN o.a.j.c.TransactionController: Could not fetch SamplePackage
2023-03-18 23:42:49,425 INFO o.a.j.t.JMeterThread: Thread started: Workload 4 minute 20 users 4-5
2023-03-18 23:42:49,425 WARN o.a.j.c.TransactionController: Could not fetch SamplePackage
2023-03-18 23:42:50,416 INFO o.a.j.t.JMeterThread: Thread started: Workload 4 minute 20 users 4-6
2023-03-18 23:42:50,416 WARN o.a.j.c.TransactionController: Could not fetch SamplePackage
2023-03-18 23:42:51,417 INFO o.a.j.t.JMeterThread: Thread started: Workload 4 minute 20 users 4-7
2023-03-18 23:42:51,417 WARN o.a.j.c.TransactionController: Could not fetch SamplePackage
2023-03-18 23:42:52,418 INFO o.a.j.t.JMeterThread: Thread started: Workload 4 minute 20 users 4-8
2023-03-18 23:42:52,418 WARN o.a.j.c.TransactionController: Could not fetch SamplePackage
2023-03-18 23:42:53,417 INFO o.a.j.t.JMeterThread: Thread started: Workload 4 minute 20 users 4-9
2023-03-18 23:42:53,418 WARN o.a.j.c.TransactionController: Could not fetch SamplePackage
2023-03-18 23:42:54,417 INFO o.a.j.t.JMeterThread: Thread started: Workload 4 minute 20 users 4-10
2023-03-18 23:42:54,417 WARN o.a.j.c.TransactionController: Could not fetch SamplePackage
2023-03-18 23:42:55,417 INFO o.a.j.t.JMeterThread: Thread started: Workload 4 minute 20 users 4-11
2023-03-18 23:42:55,417 WARN o.a.j.c.TransactionController: Could not fetch SamplePackage
2023-03-18 23:42:56,416 INFO o.a.j.t.JMeterThread: Thread started: Workload 4 minute 20 users 4-12
2023-03-18 23:42:56,416 WARN o.a.j.c.TransactionController: Could not fetch SamplePackage
2023-03-18 23:42:57,416 INFO o.a.j.t.JMeterThread: Thread started: Workload 4 minute 20 users 4-13
2023-03-18 23:42:57,416 WARN o.a.j.c.TransactionController: Could not fetch SamplePackage
2023-03-18 23:42:58,415 INFO o.a.j.t.JMeterThread: Thread started: Workload 4 minute 20 users 4-14
2023-03-18 23:42:58,416 WARN o.a.j.c.TransactionController: Could not fetch SamplePackage
2023-03-18 23:42:59,416 INFO o.a.j.t.JMeterThread: Thread started: Workload 4 minute 20 users 4-15
2023-03-18 23:42:59,417 WARN o.a.j.c.TransactionController: Could not fetch SamplePackage
2023-03-18 23:43:00,356 INFO o.a.j.r.Summariser: summary +     34 in 00:00:30 =    1.1/s Avg:   616 Min:   368 Max:   935 Err:     0 (0.00%) Active: 15 Started: 45 Finished: 30
2023-03-18 23:43:00,357 INFO o.a.j.r.Summariser: summary =    273 in 00:06:14 =    0.7/s Avg:   550 Min:   368 Max:  2009 Err:     0 (0.00%)
2023-03-18 23:43:00,416 INFO o.a.j.t.JMeterThread: Thread started: Workload 4 minute 20 users 4-16
2023-03-18 23:43:00,416 WARN o.a.j.c.TransactionController: Could not fetch SamplePackage
2023-03-18 23:43:01,416 INFO o.a.j.t.JMeterThread: Thread started: Workload 4 minute 20 users 4-17
2023-03-18 23:43:01,416 WARN o.a.j.c.TransactionController: Could not fetch SamplePackage
2023-03-18 23:43:02,416 INFO o.a.j.t.JMeterThread: Thread started: Workload 4 minute 20 users 4-18
2023-03-18 23:43:02,416 WARN o.a.j.c.TransactionController: Could not fetch SamplePackage
2023-03-18 23:43:03,416 INFO o.a.j.t.JMeterThread: Thread started: Workload 4 minute 20 users 4-19
2023-03-18 23:43:03,417 WARN o.a.j.c.TransactionController: Could not fetch SamplePackage
2023-03-18 23:43:04,416 INFO o.a.j.t.JMeterThread: Thread started: Workload 4 minute 20 users 4-20
2023-03-18 23:43:04,416 WARN o.a.j.c.TransactionController: Could not fetch SamplePackage
2023-03-18 23:43:30,104 INFO o.a.j.r.Summariser: summary +     20 in 00:00:30 =    0.7/s Avg:   507 Min:   365 Max:   879 Err:     0 (0.00%) Active: 20 Started: 50 Finished: 30
2023-03-18 23:43:30,105 INFO o.a.j.r.Summariser: summary =    293 in 00:06:44 =    0.7/s Avg:   547 Min:   365 Max:  2009 Err:     0 (0.00%)
2023-03-18 23:44:00,169 INFO o.a.j.r.Summariser: summary +     39 in 00:00:30 =    1.3/s Avg:   468 Min:   346 Max:   665 Err:     0 (0.00%) Active: 20 Started: 50 Finished: 30
2023-03-18 23:44:00,170 INFO o.a.j.r.Summariser: summary =    332 in 00:07:14 =    0.8/s Avg:   537 Min:   346 Max:  2009 Err:     0 (0.00%)
2023-03-18 23:44:31,051 INFO o.a.j.r.Summariser: summary +     41 in 00:00:31 =    1.3/s Avg:   519 Min:   364 Max:   780 Err:     0 (0.00%) Active: 20 Started: 50 Finished: 30
2023-03-18 23:44:31,052 INFO o.a.j.r.Summariser: summary =    373 in 00:07:45 =    0.8/s Avg:   535 Min:   346 Max:  2009 Err:     0 (0.00%)
2023-03-18 23:45:01,066 INFO o.a.j.r.Summariser: summary +     42 in 00:00:30 =    1.4/s Avg:   460 Min:   370 Max:   722 Err:     0 (0.00%) Active: 20 Started: 50 Finished: 30
2023-03-18 23:45:01,068 INFO o.a.j.r.Summariser: summary =    415 in 00:08:15 =    0.8/s Avg:   528 Min:   346 Max:  2009 Err:     0 (0.00%)
2023-03-18 23:45:30,391 INFO o.a.j.r.Summariser: summary +     45 in 00:00:29 =    1.5/s Avg:   488 Min:   361 Max:   658 Err:     0 (0.00%) Active: 20 Started: 50 Finished: 30
2023-03-18 23:45:30,392 INFO o.a.j.r.Summariser: summary =    460 in 00:08:44 =    0.9/s Avg:   524 Min:   346 Max:  2009 Err:     0 (0.00%)
2023-03-18 23:45:48,784 INFO o.a.j.t.JMeterThread: Thread finished: Workload 4 minute 20 users 4-7
2023-03-18 23:45:51,179 INFO o.a.j.t.JMeterThread: Thread finished: Workload 4 minute 20 users 4-20
2023-03-18 23:46:01,968 INFO o.a.j.r.Summariser: summary +     38 in 00:00:32 =    1.2/s Avg:   494 Min:   364 Max:   809 Err:     0 (0.00%) Active: 18 Started: 50 Finished: 32
2023-03-18 23:46:01,969 INFO o.a.j.r.Summariser: summary =    498 in 00:09:16 =    0.9/s Avg:   522 Min:   346 Max:  2009 Err:     0 (0.00%)
2023-03-18 23:46:03,028 INFO o.a.j.t.JMeterThread: Thread finished: Workload 4 minute 20 users 4-14
2023-03-18 23:46:04,881 INFO o.a.j.t.JMeterThread: Thread finished: Workload 4 minute 20 users 4-10
2023-03-18 23:46:12,329 INFO o.a.j.t.JMeterThread: Thread finished: Workload 4 minute 20 users 4-15
2023-03-18 23:46:12,709 INFO o.a.j.t.JMeterThread: Thread finished: Workload 4 minute 20 users 4-18
2023-03-18 23:46:16,184 INFO o.a.j.t.JMeterThread: Thread finished: Workload 4 minute 20 users 4-8
2023-03-18 23:46:22,478 INFO o.a.j.t.JMeterThread: Thread finished: Workload 4 minute 20 users 4-12
2023-03-18 23:46:26,098 INFO o.a.j.t.JMeterThread: Thread finished: Workload 4 minute 20 users 4-16
2023-03-18 23:46:26,098 INFO o.a.j.t.JMeterThread: Thread finished: Workload 4 minute 20 users 4-4
2023-03-18 23:46:26,901 INFO o.a.j.t.JMeterThread: Thread finished: Workload 4 minute 20 users 4-13
2023-03-18 23:46:28,641 INFO o.a.j.t.JMeterThread: Thread finished: Workload 4 minute 20 users 4-19
2023-03-18 23:46:29,018 INFO o.a.j.t.JMeterThread: Thread finished: Workload 4 minute 20 users 4-5
2023-03-18 23:46:30,986 INFO o.a.j.r.Summariser: summary +     47 in 00:00:29 =    1.6/s Avg:   533 Min:   373 Max:  1000 Err:     0 (0.00%) Active: 7 Started: 50 Finished: 43
2023-03-18 23:46:30,987 INFO o.a.j.r.Summariser: summary =    545 in 00:09:45 =    0.9/s Avg:   523 Min:   346 Max:  2009 Err:     0 (0.00%)
2023-03-18 23:46:31,179 INFO o.a.j.t.JMeterThread: Thread finished: Workload 4 minute 20 users 4-2
2023-03-18 23:46:32,226 INFO o.a.j.t.JMeterThread: Thread finished: Workload 4 minute 20 users 4-1
2023-03-18 23:46:36,218 INFO o.a.j.t.JMeterThread: Thread finished: Workload 4 minute 20 users 4-9
2023-03-18 23:46:39,063 INFO o.a.j.t.JMeterThread: Thread finished: Workload 4 minute 20 users 4-3
2023-03-18 23:46:39,409 INFO o.a.j.t.JMeterThread: Thread finished: Workload 4 minute 20 users 4-11
2023-03-18 23:46:40,587 INFO o.a.j.t.JMeterThread: Thread finished: Workload 4 minute 20 users 4-17
2023-03-18 23:46:43,414 INFO o.a.j.t.JMeterThread: Thread finished: Workload 4 minute 20 users 4-6
2023-03-18 23:46:43,414 INFO o.a.j.e.StandardJMeterEngine: Notifying test listeners of end of test
2023-03-18 23:46:43,414 INFO o.a.j.r.Summariser: summary +     10 in 00:00:12 =    0.8/s Avg:   519 Min:   399 Max:   651 Err:     0 (0.00%) Active: 0 Started: 50 Finished: 50
2023-03-18 23:46:43,414 INFO o.a.j.r.Summariser: summary =    555 in 00:09:57 =    0.9/s Avg:   523 Min:   346 Max:  2009 Err:     0 (0.00%)
