2023-03-18 23:54:01,558 INFO o.a.j.u.JMeterUtils: Setting Locale to en_EN
2023-03-18 23:54:01,574 INFO o.a.j.JMeter: Loading user properties from: D:\Software Testing\Tools\apache-jmeter-5.5\bin\user.properties
2023-03-18 23:54:01,574 INFO o.a.j.JMeter: Loading system properties from: D:\Software Testing\Tools\apache-jmeter-5.5\bin\system.properties
2023-03-18 23:54:01,574 INFO o.a.j.JMeter: Copyright (c) 1998-2022 The Apache Software Foundation
2023-03-18 23:54:01,574 INFO o.a.j.JMeter: Version 5.5
2023-03-18 23:54:01,574 INFO o.a.j.JMeter: java.version=1.8.0_202
2023-03-18 23:54:01,574 INFO o.a.j.JMeter: java.vm.name=Java HotSpot(TM) 64-Bit Server VM
2023-03-18 23:54:01,574 INFO o.a.j.JMeter: os.name=Windows 10
2023-03-18 23:54:01,590 INFO o.a.j.JMeter: os.arch=amd64
2023-03-18 23:54:01,590 INFO o.a.j.JMeter: os.version=10.0
2023-03-18 23:54:01,590 INFO o.a.j.JMeter: file.encoding=Cp1252
2023-03-18 23:54:01,590 INFO o.a.j.JMeter: java.awt.headless=true
2023-03-18 23:54:01,590 INFO o.a.j.JMeter: Max memory     =1073741824
2023-03-18 23:54:01,590 INFO o.a.j.JMeter: Available Processors =4
2023-03-18 23:54:01,590 INFO o.a.j.JMeter: Default Locale=English (EN)
2023-03-18 23:54:01,590 INFO o.a.j.JMeter: JMeter  Locale=English (EN)
2023-03-18 23:54:01,590 INFO o.a.j.JMeter: JMeterHome=D:\Software Testing\Tools\apache-jmeter-5.5
2023-03-18 23:54:01,590 INFO o.a.j.JMeter: user.dir  =C:\Users\itsbu\OneDrive\Desktop\Christine\Part B
2023-03-18 23:54:01,590 INFO o.a.j.JMeter: PWD       =C:\Users\itsbu\OneDrive\Desktop\Christine\Part B
2023-03-18 23:54:01,598 INFO o.a.j.JMeter: IP: 192.168.0.114 Name: IMRAN-AL-MUNYEEM FullName: host.docker.internal
2023-03-18 23:54:01,606 INFO o.a.j.s.FileServer: Default base='C:\Users\itsbu\OneDrive\Desktop\Christine\Part B'
2023-03-18 23:54:01,606 INFO o.a.j.s.FileServer: Set new base='C:\Users\itsbu\OneDrive\Desktop\Christine\Part B\.'
2023-03-18 23:54:01,700 INFO o.a.j.s.SaveService: Testplan (JMX) version: 2.2. Testlog (JTL) version: 2.2
2023-03-18 23:54:01,716 INFO o.a.j.s.SaveService: Using SaveService properties file encoding UTF-8
2023-03-18 23:54:01,716 INFO o.a.j.s.SaveService: Using SaveService properties version 5.0
2023-03-18 23:54:01,732 INFO o.a.j.s.SaveService: Loading file: .\Christine_part_B.jmx
2023-03-18 23:54:01,763 INFO o.a.j.p.h.c.CookieManager: Settings: Delete null: true Check: true Allow variable: true Save: false Prefix: COOKIE_
2023-03-18 23:54:01,763 INFO o.a.j.p.h.c.CacheManager: Will only cache the following methods: [GET]
2023-03-18 23:54:01,779 INFO o.a.j.p.h.s.HTTPSamplerBase: Parser for text/html is org.apache.jmeter.protocol.http.parser.LagartoBasedHtmlParser
2023-03-18 23:54:01,779 INFO o.a.j.p.h.s.HTTPSamplerBase: Parser for application/xhtml+xml is org.apache.jmeter.protocol.http.parser.LagartoBasedHtmlParser
2023-03-18 23:54:01,779 INFO o.a.j.p.h.s.HTTPSamplerBase: Parser for application/xml is org.apache.jmeter.protocol.http.parser.LagartoBasedHtmlParser
2023-03-18 23:54:01,779 INFO o.a.j.p.h.s.HTTPSamplerBase: Parser for text/xml is org.apache.jmeter.protocol.http.parser.LagartoBasedHtmlParser
2023-03-18 23:54:01,779 INFO o.a.j.p.h.s.HTTPSamplerBase: Parser for text/vnd.wap.wml is org.apache.jmeter.protocol.http.parser.RegexpHTMLParser
2023-03-18 23:54:01,779 INFO o.a.j.p.h.s.HTTPSamplerBase: Parser for text/css is org.apache.jmeter.protocol.http.parser.CssParser
2023-03-18 23:54:02,030 INFO o.a.j.JMeter: Creating summariser <summary>
2023-03-18 23:54:02,040 INFO o.a.j.e.StandardJMeterEngine: Running the test!
2023-03-18 23:54:02,040 INFO o.a.j.s.SampleEvent: List of sample_variables: []
2023-03-18 23:54:02,040 INFO o.a.j.s.SampleEvent: List of sample_variables: []
2023-03-18 23:54:02,040 INFO o.a.j.e.u.CompoundVariable: Note: Function class names must contain the string: '.functions.'
2023-03-18 23:54:02,040 INFO o.a.j.e.u.CompoundVariable: Note: Function class names must not contain the string: '.gui.'
2023-03-18 23:54:02,314 INFO o.a.j.JMeter: Running test (1679162042314)
2023-03-18 23:54:02,346 INFO o.a.j.e.StandardJMeterEngine: Starting ThreadGroup: 1 : Thread Group
2023-03-18 23:54:02,346 INFO o.a.j.e.StandardJMeterEngine: Starting 100 threads for group Thread Group.
2023-03-18 23:54:02,346 INFO o.a.j.e.StandardJMeterEngine: Thread will continue on error
2023-03-18 23:54:02,346 INFO o.a.j.t.ThreadGroup: Starting thread group... number=1 threads=100 ramp-up=10 delayedStart=false
2023-03-18 23:54:02,361 INFO o.a.j.s.SampleResult: Note: Sample TimeStamps are START times
2023-03-18 23:54:02,361 INFO o.a.j.s.SampleResult: sampleresult.default.encoding is set to ISO-8859-1
2023-03-18 23:54:02,361 INFO o.a.j.s.SampleResult: sampleresult.useNanoTime=true
2023-03-18 23:54:02,377 INFO o.a.j.s.SampleResult: sampleresult.nanoThreadSleep=5000
2023-03-18 23:54:02,377 INFO o.a.j.t.JMeterThread: Thread started: Thread Group 1-1
2023-03-18 23:54:02,377 WARN o.a.j.c.TransactionController: Could not fetch SamplePackage
2023-03-18 23:54:02,427 INFO o.a.j.t.ThreadGroup: Started thread group number 1
2023-03-18 23:54:02,427 INFO o.a.j.e.StandardJMeterEngine: All thread groups have been started
2023-03-18 23:54:02,476 INFO o.a.j.t.JMeterThread: Thread started: Thread Group 1-2
2023-03-18 23:54:02,476 WARN o.a.j.c.TransactionController: Could not fetch SamplePackage
2023-03-18 23:54:02,578 INFO o.a.j.t.JMeterThread: Thread started: Thread Group 1-3
2023-03-18 23:54:02,579 WARN o.a.j.c.TransactionController: Could not fetch SamplePackage
2023-03-18 23:54:02,595 INFO o.a.j.p.h.s.HTTPHCAbstractImpl: Local host = IMRAN-AL-MUNYEEM
2023-03-18 23:54:02,602 INFO o.a.j.p.h.s.HTTPHC4Impl: HTTP request retry count = 0
2023-03-18 23:54:02,676 INFO o.a.j.p.h.s.h.LazyLayeredConnectionSocketFactory: Setting up HTTPS TrustAll Socket Factory
2023-03-18 23:54:02,678 INFO o.a.j.t.JMeterThread: Thread started: Thread Group 1-4
2023-03-18 23:54:02,678 WARN o.a.j.c.TransactionController: Could not fetch SamplePackage
2023-03-18 23:54:02,683 INFO o.a.j.u.JsseSSLManager: Using default SSL protocol: TLS
2023-03-18 23:54:02,683 INFO o.a.j.u.JsseSSLManager: SSL session context: per-thread
2023-03-18 23:54:02,803 INFO o.a.j.t.JMeterThread: Thread started: Thread Group 1-5
2023-03-18 23:54:02,804 WARN o.a.j.c.TransactionController: Could not fetch SamplePackage
2023-03-18 23:54:02,881 INFO o.a.j.t.JMeterThread: Thread started: Thread Group 1-6
2023-03-18 23:54:02,882 WARN o.a.j.c.TransactionController: Could not fetch SamplePackage
2023-03-18 23:54:02,981 INFO o.a.j.t.JMeterThread: Thread started: Thread Group 1-7
2023-03-18 23:54:02,983 WARN o.a.j.c.TransactionController: Could not fetch SamplePackage
2023-03-18 23:54:03,083 INFO o.a.j.t.JMeterThread: Thread started: Thread Group 1-8
2023-03-18 23:54:03,083 WARN o.a.j.c.TransactionController: Could not fetch SamplePackage
2023-03-18 23:54:03,182 INFO o.a.j.t.JMeterThread: Thread started: Thread Group 1-9
2023-03-18 23:54:03,184 WARN o.a.j.c.TransactionController: Could not fetch SamplePackage
2023-03-18 23:54:03,282 INFO o.a.j.t.JMeterThread: Thread started: Thread Group 1-10
2023-03-18 23:54:03,284 WARN o.a.j.c.TransactionController: Could not fetch SamplePackage
2023-03-18 23:54:03,382 INFO o.a.j.t.JMeterThread: Thread started: Thread Group 1-11
2023-03-18 23:54:03,382 WARN o.a.j.c.TransactionController: Could not fetch SamplePackage
2023-03-18 23:54:03,428 INFO o.a.j.u.SSLManager: JmeterKeyStore Location:  type JKS
2023-03-18 23:54:03,429 INFO o.a.j.u.SSLManager: KeyStore created OK
2023-03-18 23:54:03,430 WARN o.a.j.u.SSLManager: Keystore file not found, loading empty keystore
2023-03-18 23:54:03,484 INFO o.a.j.t.JMeterThread: Thread started: Thread Group 1-12
2023-03-18 23:54:03,485 WARN o.a.j.c.TransactionController: Could not fetch SamplePackage
2023-03-18 23:54:03,568 INFO o.a.j.t.JMeterThread: Thread started: Thread Group 1-13
2023-03-18 23:54:03,568 WARN o.a.j.c.TransactionController: Could not fetch SamplePackage
2023-03-18 23:54:03,669 INFO o.a.j.t.JMeterThread: Thread started: Thread Group 1-14
2023-03-18 23:54:03,669 WARN o.a.j.c.TransactionController: Could not fetch SamplePackage
2023-03-18 23:54:03,770 INFO o.a.j.t.JMeterThread: Thread started: Thread Group 1-15
2023-03-18 23:54:03,770 WARN o.a.j.c.TransactionController: Could not fetch SamplePackage
2023-03-18 23:54:03,878 INFO o.a.j.t.JMeterThread: Thread started: Thread Group 1-16
2023-03-18 23:54:03,879 WARN o.a.j.c.TransactionController: Could not fetch SamplePackage
2023-03-18 23:54:03,969 INFO o.a.j.t.JMeterThread: Thread started: Thread Group 1-17
2023-03-18 23:54:03,969 WARN o.a.j.c.TransactionController: Could not fetch SamplePackage
2023-03-18 23:54:04,069 INFO o.a.j.t.JMeterThread: Thread started: Thread Group 1-18
2023-03-18 23:54:04,069 WARN o.a.j.c.TransactionController: Could not fetch SamplePackage
2023-03-18 23:54:04,169 INFO o.a.j.t.JMeterThread: Thread started: Thread Group 1-19
2023-03-18 23:54:04,170 WARN o.a.j.c.TransactionController: Could not fetch SamplePackage
2023-03-18 23:54:04,203 INFO o.a.j.p.h.p.BaseParser: Created org.apache.jmeter.protocol.http.parser.LagartoBasedHtmlParser
2023-03-18 23:54:04,243 INFO o.a.j.p.h.s.ResourcesDownloader: Creating ResourcesDownloader with keepalive_inseconds : 60
2023-03-18 23:54:04,271 INFO o.a.j.t.JMeterThread: Thread started: Thread Group 1-20
2023-03-18 23:54:04,272 WARN o.a.j.c.TransactionController: Could not fetch SamplePackage
2023-03-18 23:54:04,377 INFO o.a.j.t.JMeterThread: Thread started: Thread Group 1-21
2023-03-18 23:54:04,378 WARN o.a.j.c.TransactionController: Could not fetch SamplePackage
2023-03-18 23:54:04,542 INFO o.a.j.p.h.p.BaseParser: Created org.apache.jmeter.protocol.http.parser.CssParser
2023-03-18 23:54:04,558 INFO o.a.j.t.JMeterThread: Thread started: Thread Group 1-22
2023-03-18 23:54:04,559 WARN o.a.j.c.TransactionController: Could not fetch SamplePackage
2023-03-18 23:54:04,576 INFO o.a.j.t.JMeterThread: Thread started: Thread Group 1-23
2023-03-18 23:54:04,577 WARN o.a.j.c.TransactionController: Could not fetch SamplePackage
2023-03-18 23:54:04,737 INFO o.a.j.t.JMeterThread: Thread started: Thread Group 1-24
2023-03-18 23:54:04,739 WARN o.a.j.c.TransactionController: Could not fetch SamplePackage
2023-03-18 23:54:04,809 INFO o.a.j.t.JMeterThread: Thread started: Thread Group 1-25
2023-03-18 23:54:04,815 WARN o.a.j.c.TransactionController: Could not fetch SamplePackage
2023-03-18 23:54:04,877 INFO o.a.j.t.JMeterThread: Thread started: Thread Group 1-26
2023-03-18 23:54:04,884 WARN c.h.c.r.e.LoggingCSSParseErrorHandler: [10:11] Deprecated property name '*zoom'
2023-03-18 23:54:04,897 WARN o.a.j.c.TransactionController: Could not fetch SamplePackage
2023-03-18 23:54:04,980 INFO o.a.j.t.JMeterThread: Thread started: Thread Group 1-27
2023-03-18 23:54:04,980 WARN o.a.j.c.TransactionController: Could not fetch SamplePackage
2023-03-18 23:54:05,034 WARN c.h.c.r.e.LoggingCSSParseErrorHandler: [15:41] Deprecated property name '*display'
2023-03-18 23:54:05,034 WARN c.h.c.r.e.LoggingCSSParseErrorHandler: [15:57] Deprecated property name '*zoom'
2023-03-18 23:54:05,036 WARN c.h.c.r.e.LoggingCSSParseErrorHandler: [26:14] Deprecated property name '*overflow'
2023-03-18 23:54:05,045 WARN c.h.c.r.e.LoggingCSSParseErrorHandler: [39:24] Deprecated property name '*zoom'
2023-03-18 23:54:05,054 WARN c.h.c.r.e.LoggingCSSParseErrorHandler: [67:23] Deprecated property name '*zoom'
2023-03-18 23:54:05,062 WARN c.h.c.r.e.LoggingCSSParseErrorHandler: [69:190] Deprecated property name '*margin-left'
2023-03-18 23:54:05,063 WARN c.h.c.r.e.LoggingCSSParseErrorHandler: [72:31] Deprecated property name '*width'
2023-03-18 23:54:05,067 WARN c.h.c.r.e.LoggingCSSParseErrorHandler: [73:45] Deprecated property name '*width'
2023-03-18 23:54:05,067 WARN c.h.c.r.e.LoggingCSSParseErrorHandler: [74:45] Deprecated property name '*width'
2023-03-18 23:54:05,067 WARN c.h.c.r.e.LoggingCSSParseErrorHandler: [75:44] Deprecated property name '*width'
2023-03-18 23:54:05,068 WARN c.h.c.r.e.LoggingCSSParseErrorHandler: [76:44] Deprecated property name '*width'
2023-03-18 23:54:05,068 WARN c.h.c.r.e.LoggingCSSParseErrorHandler: [77:44] Deprecated property name '*width'
2023-03-18 23:54:05,068 WARN c.h.c.r.e.LoggingCSSParseErrorHandler: [78:44] Deprecated property name '*width'
2023-03-18 23:54:05,069 WARN c.h.c.r.e.LoggingCSSParseErrorHandler: [79:44] Deprecated property name '*width'
2023-03-18 23:54:05,069 WARN c.h.c.r.e.LoggingCSSParseErrorHandler: [80:45] Deprecated property name '*width'
2023-03-18 23:54:05,069 WARN c.h.c.r.e.LoggingCSSParseErrorHandler: [81:45] Deprecated property name '*width'
2023-03-18 23:54:05,072 WARN c.h.c.r.e.LoggingCSSParseErrorHandler: [82:45] Deprecated property name '*width'
2023-03-18 23:54:05,073 WARN c.h.c.r.e.LoggingCSSParseErrorHandler: [83:44] Deprecated property name '*width'
2023-03-18 23:54:05,074 WARN c.h.c.r.e.LoggingCSSParseErrorHandler: [84:54] Deprecated property name '*margin-left'
2023-03-18 23:54:05,075 WARN c.h.c.r.e.LoggingCSSParseErrorHandler: [85:66] Deprecated property name '*margin-left'
2023-03-18 23:54:05,075 WARN c.h.c.r.e.LoggingCSSParseErrorHandler: [86:53] Deprecated property name '*margin-left'
2023-03-18 23:54:05,076 WARN c.h.c.r.e.LoggingCSSParseErrorHandler: [87:65] Deprecated property name '*margin-left'
2023-03-18 23:54:05,076 WARN c.h.c.r.e.LoggingCSSParseErrorHandler: [88:53] Deprecated property name '*margin-left'
2023-03-18 23:54:05,076 INFO o.a.j.t.JMeterThread: Thread started: Thread Group 1-28
2023-03-18 23:54:05,076 WARN c.h.c.r.e.LoggingCSSParseErrorHandler: [89:64] Deprecated property name '*margin-left'
2023-03-18 23:54:05,076 WARN o.a.j.c.TransactionController: Could not fetch SamplePackage
2023-03-18 23:54:05,077 WARN c.h.c.r.e.LoggingCSSParseErrorHandler: [90:52] Deprecated property name '*margin-left'
2023-03-18 23:54:05,077 WARN c.h.c.r.e.LoggingCSSParseErrorHandler: [91:64] Deprecated property name '*margin-left'
2023-03-18 23:54:05,077 WARN c.h.c.r.e.LoggingCSSParseErrorHandler: [92:51] Deprecated property name '*margin-left'
2023-03-18 23:54:05,078 WARN c.h.c.r.e.LoggingCSSParseErrorHandler: [93:64] Deprecated property name '*margin-left'
2023-03-18 23:54:05,078 WARN c.h.c.r.e.LoggingCSSParseErrorHandler: [94:52] Deprecated property name '*margin-left'
2023-03-18 23:54:05,079 WARN c.h.c.r.e.LoggingCSSParseErrorHandler: [95:65] Deprecated property name '*margin-left'
2023-03-18 23:54:05,079 WARN c.h.c.r.e.LoggingCSSParseErrorHandler: [96:53] Deprecated property name '*margin-left'
2023-03-18 23:54:05,079 WARN c.h.c.r.e.LoggingCSSParseErrorHandler: [97:65] Deprecated property name '*margin-left'
2023-03-18 23:54:05,080 WARN c.h.c.r.e.LoggingCSSParseErrorHandler: [98:52] Deprecated property name '*margin-left'
2023-03-18 23:54:05,081 WARN c.h.c.r.e.LoggingCSSParseErrorHandler: [99:63] Deprecated property name '*margin-left'
2023-03-18 23:54:05,081 WARN c.h.c.r.e.LoggingCSSParseErrorHandler: [100:53] Deprecated property name '*margin-left'
2023-03-18 23:54:05,081 WARN c.h.c.r.e.LoggingCSSParseErrorHandler: [101:64] Deprecated property name '*margin-left'
2023-03-18 23:54:05,081 WARN c.h.c.r.e.LoggingCSSParseErrorHandler: [102:53] Deprecated property name '*margin-left'
2023-03-18 23:54:05,082 WARN c.h.c.r.e.LoggingCSSParseErrorHandler: [103:64] Deprecated property name '*margin-left'
2023-03-18 23:54:05,082 WARN c.h.c.r.e.LoggingCSSParseErrorHandler: [104:53] Deprecated property name '*margin-left'
2023-03-18 23:54:05,083 WARN c.h.c.r.e.LoggingCSSParseErrorHandler: [105:64] Deprecated property name '*margin-left'
2023-03-18 23:54:05,083 WARN c.h.c.r.e.LoggingCSSParseErrorHandler: [106:53] Deprecated property name '*margin-left'
2023-03-18 23:54:05,084 WARN c.h.c.r.e.LoggingCSSParseErrorHandler: [107:63] Deprecated property name '*margin-left'
2023-03-18 23:54:05,088 WARN c.h.c.r.e.LoggingCSSParseErrorHandler: [110:47] Deprecated property name '*zoom'
2023-03-18 23:54:05,089 WARN c.h.c.r.e.LoggingCSSParseErrorHandler: [112:55] Deprecated property name '*zoom'
2023-03-18 23:54:05,094 WARN c.h.c.r.e.LoggingCSSParseErrorHandler: [150:99] Deprecated property name '*display'
2023-03-18 23:54:05,095 WARN c.h.c.r.e.LoggingCSSParseErrorHandler: [150:115] Deprecated property name '*zoom'
2023-03-18 23:54:05,097 WARN c.h.c.r.e.LoggingCSSParseErrorHandler: [155:16] Deprecated property name '*zoom'
2023-03-18 23:54:05,123 WARN c.h.c.r.e.LoggingCSSParseErrorHandler: [199:67] Deprecated property name '*border-collapse'
2023-03-18 23:54:05,136 WARN c.h.c.r.e.LoggingCSSParseErrorHandler: [242:59] Deprecated property name '*margin-top'
2023-03-18 23:54:05,136 WARN c.h.c.r.e.LoggingCSSParseErrorHandler: [244:39] Deprecated property name '*margin-top'
2023-03-18 23:54:05,140 WARN c.h.c.r.e.LoggingCSSParseErrorHandler: [281:15] Deprecated property name '*zoom'
2023-03-18 23:54:05,160 WARN c.h.c.r.e.LoggingCSSParseErrorHandler: [304:127] Deprecated property name '*zoom'
2023-03-18 23:54:05,161 WARN c.h.c.r.e.LoggingCSSParseErrorHandler: [308:35] Deprecated property name '*display'
2023-03-18 23:54:05,161 WARN c.h.c.r.e.LoggingCSSParseErrorHandler: [308:51] Deprecated property name '*zoom'
2023-03-18 23:54:05,161 WARN c.h.c.r.e.LoggingCSSParseErrorHandler: [310:184] Deprecated property name '*margin-left'
2023-03-18 23:54:05,174 WARN c.h.c.r.e.LoggingCSSParseErrorHandler: [329:569] Deprecated property name '*display'
2023-03-18 23:54:05,174 WARN c.h.c.r.e.LoggingCSSParseErrorHandler: [329:585] Deprecated property name '*zoom'
2023-03-18 23:54:05,174 WARN c.h.c.r.e.LoggingCSSParseErrorHandler: [337:52] Deprecated property name '*zoom'
2023-03-18 23:54:05,175 WARN c.h.c.r.e.LoggingCSSParseErrorHandler: [340:28] Deprecated property name '*display'
2023-03-18 23:54:05,175 WARN c.h.c.r.e.LoggingCSSParseErrorHandler: [340:50] Deprecated property name '*padding-left'
2023-03-18 23:54:05,175 WARN c.h.c.r.e.LoggingCSSParseErrorHandler: [340:87] Deprecated property name '*margin-left'
2023-03-18 23:54:05,175 WARN c.h.c.r.e.LoggingCSSParseErrorHandler: [340:142] Deprecated property name '*padding-left'
2023-03-18 23:54:05,175 WARN c.h.c.r.e.LoggingCSSParseErrorHandler: [344:27] Deprecated property name '*display'
2023-03-18 23:54:05,175 WARN c.h.c.r.e.LoggingCSSParseErrorHandler: [344:43] Deprecated property name '*zoom'
2023-03-18 23:54:05,176 WARN c.h.c.r.e.LoggingCSSParseErrorHandler: [344:840] Deprecated property name '*background-color'
2023-03-18 23:54:05,176 WARN c.h.c.r.e.LoggingCSSParseErrorHandler: [344:958] Deprecated property name '*border'
2023-03-18 23:54:05,176 WARN c.h.c.r.e.LoggingCSSParseErrorHandler: [344:1063] Deprecated property name '*margin-left'
2023-03-18 23:54:05,177 WARN c.h.c.r.e.LoggingCSSParseErrorHandler: [344:1428] Deprecated property name '*background-color'
2023-03-18 23:54:05,177 WARN c.h.c.r.e.LoggingCSSParseErrorHandler: [346:18] Deprecated property name '*margin-left'
2023-03-18 23:54:05,187 INFO o.a.j.t.JMeterThread: Thread started: Thread Group 1-29
2023-03-18 23:54:05,187 WARN o.a.j.c.TransactionController: Could not fetch SamplePackage
2023-03-18 23:54:05,191 WARN c.h.c.r.e.LoggingCSSParseErrorHandler: [361:676] Deprecated property name '*background-color'
2023-03-18 23:54:05,191 WARN c.h.c.r.e.LoggingCSSParseErrorHandler: [361:932] Deprecated property name '*background-color'
2023-03-18 23:54:05,192 WARN c.h.c.r.e.LoggingCSSParseErrorHandler: [363:676] Deprecated property name '*background-color'
2023-03-18 23:54:05,196 WARN c.h.c.r.e.LoggingCSSParseErrorHandler: [363:932] Deprecated property name '*background-color'
2023-03-18 23:54:05,197 WARN c.h.c.r.e.LoggingCSSParseErrorHandler: [365:675] Deprecated property name '*background-color'
2023-03-18 23:54:05,198 WARN c.h.c.r.e.LoggingCSSParseErrorHandler: [365:925] Deprecated property name '*background-color'
2023-03-18 23:54:05,199 WARN c.h.c.r.e.LoggingCSSParseErrorHandler: [367:676] Deprecated property name '*background-color'
2023-03-18 23:54:05,199 WARN c.h.c.r.e.LoggingCSSParseErrorHandler: [367:932] Deprecated property name '*background-color'
2023-03-18 23:54:05,200 WARN c.h.c.r.e.LoggingCSSParseErrorHandler: [369:673] Deprecated property name '*background-color'
2023-03-18 23:54:05,200 WARN c.h.c.r.e.LoggingCSSParseErrorHandler: [369:911] Deprecated property name '*background-color'
2023-03-18 23:54:05,207 WARN c.h.c.r.e.LoggingCSSParseErrorHandler: [371:676] Deprecated property name '*background-color'
2023-03-18 23:54:05,207 WARN c.h.c.r.e.LoggingCSSParseErrorHandler: [371:932] Deprecated property name '*background-color'
2023-03-18 23:54:05,208 WARN c.h.c.r.e.LoggingCSSParseErrorHandler: [373:37] Deprecated property name '*padding-top'
2023-03-18 23:54:05,208 WARN c.h.c.r.e.LoggingCSSParseErrorHandler: [373:54] Deprecated property name '*padding-bottom'
2023-03-18 23:54:05,209 WARN c.h.c.r.e.LoggingCSSParseErrorHandler: [374:57] Deprecated property name '*padding-top'
2023-03-18 23:54:05,209 WARN c.h.c.r.e.LoggingCSSParseErrorHandler: [374:74] Deprecated property name '*padding-bottom'
2023-03-18 23:54:05,209 WARN c.h.c.r.e.LoggingCSSParseErrorHandler: [375:57] Deprecated property name '*padding-top'
2023-03-18 23:54:05,209 WARN c.h.c.r.e.LoggingCSSParseErrorHandler: [375:74] Deprecated property name '*padding-bottom'
2023-03-18 23:54:05,210 WARN c.h.c.r.e.LoggingCSSParseErrorHandler: [376:55] Deprecated property name '*padding-top'
2023-03-18 23:54:05,210 WARN c.h.c.r.e.LoggingCSSParseErrorHandler: [376:72] Deprecated property name '*padding-bottom'
2023-03-18 23:54:05,210 WARN c.h.c.r.e.LoggingCSSParseErrorHandler: [381:80] Deprecated property name '*margin-right'
2023-03-18 23:54:05,223 WARN c.h.c.r.e.LoggingCSSParseErrorHandler: [523:51] Deprecated property name '*display'
2023-03-18 23:54:05,223 WARN c.h.c.r.e.LoggingCSSParseErrorHandler: [523:67] Deprecated property name '*zoom'
2023-03-18 23:54:05,223 WARN c.h.c.r.e.LoggingCSSParseErrorHandler: [523:128] Deprecated property name '*margin-left'
2023-03-18 23:54:05,223 WARN c.h.c.r.e.LoggingCSSParseErrorHandler: [523:170] Deprecated property name '*margin-left'
2023-03-18 23:54:05,226 WARN c.h.c.r.e.LoggingCSSParseErrorHandler: [538:415] Deprecated property name '*padding-top'
2023-03-18 23:54:05,226 WARN c.h.c.r.e.LoggingCSSParseErrorHandler: [538:432] Deprecated property name '*padding-bottom'
2023-03-18 23:54:05,226 WARN c.h.c.r.e.LoggingCSSParseErrorHandler: [539:74] Deprecated property name '*padding-top'
2023-03-18 23:54:05,226 WARN c.h.c.r.e.LoggingCSSParseErrorHandler: [539:91] Deprecated property name '*padding-bottom'
2023-03-18 23:54:05,226 WARN c.h.c.r.e.LoggingCSSParseErrorHandler: [540:40] Deprecated property name '*padding-top'
2023-03-18 23:54:05,226 WARN c.h.c.r.e.LoggingCSSParseErrorHandler: [540:57] Deprecated property name '*padding-bottom'
2023-03-18 23:54:05,226 WARN c.h.c.r.e.LoggingCSSParseErrorHandler: [541:77] Deprecated property name '*padding-top'
2023-03-18 23:54:05,226 WARN c.h.c.r.e.LoggingCSSParseErrorHandler: [541:94] Deprecated property name '*padding-bottom'
2023-03-18 23:54:05,228 WARN c.h.c.r.e.LoggingCSSParseErrorHandler: [556:42] Deprecated property name '*display'
2023-03-18 23:54:05,230 WARN c.h.c.r.e.LoggingCSSParseErrorHandler: [556:58] Deprecated property name '*zoom'
2023-03-18 23:54:05,232 WARN c.h.c.r.e.LoggingCSSParseErrorHandler: [575:20] Deprecated property name '*width'
2023-03-18 23:54:05,232 WARN c.h.c.r.e.LoggingCSSParseErrorHandler: [575:58] Deprecated property name '*margin'
2023-03-18 23:54:05,232 WARN c.h.c.r.e.LoggingCSSParseErrorHandler: [576:22] Deprecated property name '*zoom'
2023-03-18 23:54:05,234 WARN c.h.c.r.e.LoggingCSSParseErrorHandler: [606:11] Deprecated property name '*zoom'
2023-03-18 23:54:05,237 WARN c.h.c.r.e.LoggingCSSParseErrorHandler: [621:146] Deprecated property name '*border-right-color'
2023-03-18 23:54:05,238 WARN c.h.c.r.e.LoggingCSSParseErrorHandler: [625:149] Deprecated property name '*border-left-color'
2023-03-18 23:54:05,238 WARN c.h.c.r.e.LoggingCSSParseErrorHandler: [628:45] Deprecated property name '*position'
2023-03-18 23:54:05,238 WARN c.h.c.r.e.LoggingCSSParseErrorHandler: [628:64] Deprecated property name '*z-index'
2023-03-18 23:54:05,239 WARN c.h.c.r.e.LoggingCSSParseErrorHandler: [629:798] Deprecated property name '*zoom'
2023-03-18 23:54:05,252 WARN c.h.c.r.e.LoggingCSSParseErrorHandler: [639:30] Deprecated property name '*zoom'
2023-03-18 23:54:05,257 WARN c.h.c.r.e.LoggingCSSParseErrorHandler: [662:758] Deprecated property name '*background-color'
2023-03-18 23:54:05,258 WARN c.h.c.r.e.LoggingCSSParseErrorHandler: [662:1303] Deprecated property name '*background-color'
2023-03-18 23:54:05,265 WARN c.h.c.r.e.LoggingCSSParseErrorHandler: [693:691] Deprecated property name '*background-color'
2023-03-18 23:54:05,290 WARN c.h.c.r.e.LoggingCSSParseErrorHandler: [693:1037] Deprecated property name '*background-color'
2023-03-18 23:54:05,290 WARN c.h.c.r.e.LoggingCSSParseErrorHandler: [695:191] Deprecated property name '*display'
2023-03-18 23:54:05,290 WARN c.h.c.r.e.LoggingCSSParseErrorHandler: [695:207] Deprecated property name '*zoom'
2023-03-18 23:54:05,290 WARN c.h.c.r.e.LoggingCSSParseErrorHandler: [698:37] Deprecated property name '*display'
2023-03-18 23:54:05,290 WARN c.h.c.r.e.LoggingCSSParseErrorHandler: [698:53] Deprecated property name '*zoom'
2023-03-18 23:54:05,293 WARN c.h.c.r.e.LoggingCSSParseErrorHandler: [715:56] Deprecated property name '*zoom'
2023-03-18 23:54:05,295 WARN c.h.c.r.e.LoggingCSSParseErrorHandler: [723:47] Deprecated property name '*zoom'
2023-03-18 23:54:05,291 INFO o.a.j.t.JMeterThread: Thread started: Thread Group 1-30
2023-03-18 23:54:05,298 WARN o.a.j.c.TransactionController: Could not fetch SamplePackage
2023-03-18 23:54:05,328 WARN c.h.c.r.e.LoggingCSSParseErrorHandler: [759:36] Deprecated property name '*overflow'
2023-03-18 23:54:05,332 WARN c.h.c.r.e.LoggingCSSParseErrorHandler: [793:167] Deprecated property name '*border'
2023-03-18 23:54:05,334 WARN c.h.c.r.e.LoggingCSSParseErrorHandler: [799:325] Deprecated property name '*zoom'
2023-03-18 23:54:05,334 WARN c.h.c.r.e.LoggingCSSParseErrorHandler: [805:18] Deprecated property name '*margin-bottom'
2023-03-18 23:54:05,335 WARN c.h.c.r.e.LoggingCSSParseErrorHandler: [809:231] Deprecated property name '*border-right-width'
2023-03-18 23:54:05,335 WARN c.h.c.r.e.LoggingCSSParseErrorHandler: [809:255] Deprecated property name '*border-bottom-width'
2023-03-18 23:54:05,336 WARN c.h.c.r.e.LoggingCSSParseErrorHandler: [810:25] Deprecated property name '*width'
2023-03-18 23:54:05,337 WARN c.h.c.r.e.LoggingCSSParseErrorHandler: [810:63] Deprecated property name '*margin'
2023-03-18 23:54:05,346 WARN c.h.c.r.e.LoggingCSSParseErrorHandler: [816:7] Deprecated property name '*z-index'
2023-03-18 23:54:05,425 INFO o.a.j.t.JMeterThread: Thread started: Thread Group 1-31
2023-03-18 23:54:05,425 WARN o.a.j.c.TransactionController: Could not fetch SamplePackage
2023-03-18 23:54:05,434 WARN c.h.c.r.e.LoggingCSSParseErrorHandler: [873:2253] Deprecated property name '*zoom'
2023-03-18 23:54:05,436 WARN c.h.c.r.e.LoggingCSSParseErrorHandler: [873:3153] Deprecated property name '*zoom'
2023-03-18 23:54:05,437 WARN c.h.c.r.e.LoggingCSSParseErrorHandler: [873:3458] Deprecated property name '*margin-left'
2023-03-18 23:54:05,437 WARN c.h.c.r.e.LoggingCSSParseErrorHandler: [873:3668] Deprecated property name '*width'
2023-03-18 23:54:05,438 WARN c.h.c.r.e.LoggingCSSParseErrorHandler: [873:3740] Deprecated property name '*width'
2023-03-18 23:54:05,438 WARN c.h.c.r.e.LoggingCSSParseErrorHandler: [873:3812] Deprecated property name '*width'
2023-03-18 23:54:05,438 WARN c.h.c.r.e.LoggingCSSParseErrorHandler: [873:3883] Deprecated property name '*width'
2023-03-18 23:54:05,438 WARN c.h.c.r.e.LoggingCSSParseErrorHandler: [873:3954] Deprecated property name '*width'
2023-03-18 23:54:05,439 WARN c.h.c.r.e.LoggingCSSParseErrorHandler: [873:4025] Deprecated property name '*width'
2023-03-18 23:54:05,439 WARN c.h.c.r.e.LoggingCSSParseErrorHandler: [873:4096] Deprecated property name '*width'
2023-03-18 23:54:05,439 WARN c.h.c.r.e.LoggingCSSParseErrorHandler: [873:4167] Deprecated property name '*width'
2023-03-18 23:54:05,439 WARN c.h.c.r.e.LoggingCSSParseErrorHandler: [873:4239] Deprecated property name '*width'
2023-03-18 23:54:05,439 WARN c.h.c.r.e.LoggingCSSParseErrorHandler: [873:4310] Deprecated property name '*width'
2023-03-18 23:54:05,440 WARN c.h.c.r.e.LoggingCSSParseErrorHandler: [873:4380] Deprecated property name '*width'
2023-03-18 23:54:05,440 WARN c.h.c.r.e.LoggingCSSParseErrorHandler: [873:4452] Deprecated property name '*width'
2023-03-18 23:54:05,440 WARN c.h.c.r.e.LoggingCSSParseErrorHandler: [873:4533] Deprecated property name '*margin-left'
2023-03-18 23:54:05,440 WARN c.h.c.r.e.LoggingCSSParseErrorHandler: [873:4633] Deprecated property name '*margin-left'
2023-03-18 23:54:05,441 WARN c.h.c.r.e.LoggingCSSParseErrorHandler: [873:4719] Deprecated property name '*margin-left'
2023-03-18 23:54:05,441 WARN c.h.c.r.e.LoggingCSSParseErrorHandler: [873:4815] Deprecated property name '*margin-left'
2023-03-18 23:54:05,441 WARN c.h.c.r.e.LoggingCSSParseErrorHandler: [873:4901] Deprecated property name '*margin-left'
2023-03-18 23:54:05,441 WARN c.h.c.r.e.LoggingCSSParseErrorHandler: [873:4997] Deprecated property name '*margin-left'
2023-03-18 23:54:05,441 WARN c.h.c.r.e.LoggingCSSParseErrorHandler: [873:5081] Deprecated property name '*margin-left'
2023-03-18 23:54:05,442 WARN c.h.c.r.e.LoggingCSSParseErrorHandler: [873:5178] Deprecated property name '*margin-left'
2023-03-18 23:54:05,442 WARN c.h.c.r.e.LoggingCSSParseErrorHandler: [873:5262] Deprecated property name '*margin-left'
2023-03-18 23:54:05,442 WARN c.h.c.r.e.LoggingCSSParseErrorHandler: [873:5359] Deprecated property name '*margin-left'
2023-03-18 23:54:05,442 WARN c.h.c.r.e.LoggingCSSParseErrorHandler: [873:5444] Deprecated property name '*margin-left'
2023-03-18 23:54:05,443 WARN c.h.c.r.e.LoggingCSSParseErrorHandler: [873:5542] Deprecated property name '*margin-left'
2023-03-18 23:54:05,443 WARN c.h.c.r.e.LoggingCSSParseErrorHandler: [873:5628] Deprecated property name '*margin-left'
2023-03-18 23:54:05,444 WARN c.h.c.r.e.LoggingCSSParseErrorHandler: [873:5726] Deprecated property name '*margin-left'
2023-03-18 23:54:05,444 WARN c.h.c.r.e.LoggingCSSParseErrorHandler: [873:5811] Deprecated property name '*margin-left'
2023-03-18 23:54:05,444 WARN c.h.c.r.e.LoggingCSSParseErrorHandler: [873:5908] Deprecated property name '*margin-left'
2023-03-18 23:54:05,444 WARN c.h.c.r.e.LoggingCSSParseErrorHandler: [873:5993] Deprecated property name '*margin-left'
2023-03-18 23:54:05,445 WARN c.h.c.r.e.LoggingCSSParseErrorHandler: [873:6090] Deprecated property name '*margin-left'
2023-03-18 23:54:05,445 WARN c.h.c.r.e.LoggingCSSParseErrorHandler: [873:6175] Deprecated property name '*margin-left'
2023-03-18 23:54:05,445 WARN c.h.c.r.e.LoggingCSSParseErrorHandler: [873:6273] Deprecated property name '*margin-left'
2023-03-18 23:54:05,445 WARN c.h.c.r.e.LoggingCSSParseErrorHandler: [873:6359] Deprecated property name '*margin-left'
2023-03-18 23:54:05,446 WARN c.h.c.r.e.LoggingCSSParseErrorHandler: [873:6457] Deprecated property name '*margin-left'
2023-03-18 23:54:05,447 WARN c.h.c.r.e.LoggingCSSParseErrorHandler: [873:6542] Deprecated property name '*margin-left'
2023-03-18 23:54:05,448 WARN c.h.c.r.e.LoggingCSSParseErrorHandler: [873:6639] Deprecated property name '*margin-left'
2023-03-18 23:54:05,448 WARN c.h.c.r.e.LoggingCSSParseErrorHandler: [873:7623] Deprecated property name '*zoom'
2023-03-18 23:54:05,451 WARN c.h.c.r.e.LoggingCSSParseErrorHandler: [873:8530] Deprecated property name '*zoom'
2023-03-18 23:54:05,451 WARN c.h.c.r.e.LoggingCSSParseErrorHandler: [873:8834] Deprecated property name '*margin-left'
2023-03-18 23:54:05,451 WARN c.h.c.r.e.LoggingCSSParseErrorHandler: [873:9044] Deprecated property name '*width'
2023-03-18 23:54:05,452 WARN c.h.c.r.e.LoggingCSSParseErrorHandler: [873:9116] Deprecated property name '*width'
2023-03-18 23:54:05,452 WARN c.h.c.r.e.LoggingCSSParseErrorHandler: [873:9188] Deprecated property name '*width'
2023-03-18 23:54:05,452 WARN c.h.c.r.e.LoggingCSSParseErrorHandler: [873:9258] Deprecated property name '*width'
2023-03-18 23:54:05,452 WARN c.h.c.r.e.LoggingCSSParseErrorHandler: [873:9329] Deprecated property name '*width'
2023-03-18 23:54:05,452 WARN c.h.c.r.e.LoggingCSSParseErrorHandler: [873:9400] Deprecated property name '*width'
2023-03-18 23:54:05,453 WARN c.h.c.r.e.LoggingCSSParseErrorHandler: [873:9472] Deprecated property name '*width'
2023-03-18 23:54:05,454 WARN c.h.c.r.e.LoggingCSSParseErrorHandler: [873:9544] Deprecated property name '*width'
2023-03-18 23:54:05,454 WARN c.h.c.r.e.LoggingCSSParseErrorHandler: [873:9616] Deprecated property name '*width'
2023-03-18 23:54:05,454 WARN c.h.c.r.e.LoggingCSSParseErrorHandler: [873:9689] Deprecated property name '*width'
2023-03-18 23:54:05,454 WARN c.h.c.r.e.LoggingCSSParseErrorHandler: [873:9761] Deprecated property name '*width'
2023-03-18 23:54:05,455 WARN c.h.c.r.e.LoggingCSSParseErrorHandler: [873:9833] Deprecated property name '*width'
2023-03-18 23:54:05,455 WARN c.h.c.r.e.LoggingCSSParseErrorHandler: [873:9914] Deprecated property name '*margin-left'
2023-03-18 23:54:05,455 WARN c.h.c.r.e.LoggingCSSParseErrorHandler: [873:10014] Deprecated property name '*margin-left'
2023-03-18 23:54:05,455 WARN c.h.c.r.e.LoggingCSSParseErrorHandler: [873:10101] Deprecated property name '*margin-left'
2023-03-18 23:54:05,456 WARN c.h.c.r.e.LoggingCSSParseErrorHandler: [873:10199] Deprecated property name '*margin-left'
2023-03-18 23:54:05,456 WARN c.h.c.r.e.LoggingCSSParseErrorHandler: [873:10285] Deprecated property name '*margin-left'
2023-03-18 23:54:05,456 WARN c.h.c.r.e.LoggingCSSParseErrorHandler: [873:10383] Deprecated property name '*margin-left'
2023-03-18 23:54:05,456 WARN c.h.c.r.e.LoggingCSSParseErrorHandler: [873:10468] Deprecated property name '*margin-left'
2023-03-18 23:54:05,456 WARN c.h.c.r.e.LoggingCSSParseErrorHandler: [873:10565] Deprecated property name '*margin-left'
2023-03-18 23:54:05,457 WARN c.h.c.r.e.LoggingCSSParseErrorHandler: [873:10650] Deprecated property name '*margin-left'
2023-03-18 23:54:05,457 WARN c.h.c.r.e.LoggingCSSParseErrorHandler: [873:10747] Deprecated property name '*margin-left'
2023-03-18 23:54:05,457 WARN c.h.c.r.e.LoggingCSSParseErrorHandler: [873:10833] Deprecated property name '*margin-left'
2023-03-18 23:54:05,457 WARN c.h.c.r.e.LoggingCSSParseErrorHandler: [873:10930] Deprecated property name '*margin-left'
2023-03-18 23:54:05,458 WARN c.h.c.r.e.LoggingCSSParseErrorHandler: [873:11015] Deprecated property name '*margin-left'
2023-03-18 23:54:05,461 WARN c.h.c.r.e.LoggingCSSParseErrorHandler: [873:11113] Deprecated property name '*margin-left'
2023-03-18 23:54:05,463 WARN c.h.c.r.e.LoggingCSSParseErrorHandler: [873:11200] Deprecated property name '*margin-left'
2023-03-18 23:54:05,464 WARN c.h.c.r.e.LoggingCSSParseErrorHandler: [873:11296] Deprecated property name '*margin-left'
2023-03-18 23:54:05,465 WARN c.h.c.r.e.LoggingCSSParseErrorHandler: [873:11381] Deprecated property name '*margin-left'
2023-03-18 23:54:05,465 WARN c.h.c.r.e.LoggingCSSParseErrorHandler: [873:11479] Deprecated property name '*margin-left'
2023-03-18 23:54:05,465 WARN c.h.c.r.e.LoggingCSSParseErrorHandler: [873:11566] Deprecated property name '*margin-left'
2023-03-18 23:54:05,465 WARN c.h.c.r.e.LoggingCSSParseErrorHandler: [873:11663] Deprecated property name '*margin-left'
2023-03-18 23:54:05,466 WARN c.h.c.r.e.LoggingCSSParseErrorHandler: [873:11748] Deprecated property name '*margin-left'
2023-03-18 23:54:05,466 WARN c.h.c.r.e.LoggingCSSParseErrorHandler: [873:11847] Deprecated property name '*margin-left'
2023-03-18 23:54:05,466 WARN c.h.c.r.e.LoggingCSSParseErrorHandler: [873:11932] Deprecated property name '*margin-left'
2023-03-18 23:54:05,468 WARN c.h.c.r.e.LoggingCSSParseErrorHandler: [873:12030] Deprecated property name '*margin-left'
2023-03-18 23:54:05,479 INFO o.a.j.t.JMeterThread: Thread started: Thread Group 1-32
2023-03-18 23:54:05,479 WARN o.a.j.c.TransactionController: Could not fetch SamplePackage
2023-03-18 23:54:05,579 INFO o.a.j.t.JMeterThread: Thread started: Thread Group 1-33
2023-03-18 23:54:05,580 WARN o.a.j.c.TransactionController: Could not fetch SamplePackage
2023-03-18 23:54:05,596 INFO o.a.j.r.Summariser: summary +      1 in 00:00:03 =    0.3/s Avg:  1154 Min:  1154 Max:  1154 Err:     0 (0.00%) Active: 33 Started: 33 Finished: 0
2023-03-18 23:54:05,679 INFO o.a.j.t.JMeterThread: Thread started: Thread Group 1-34
2023-03-18 23:54:05,679 WARN o.a.j.c.TransactionController: Could not fetch SamplePackage
2023-03-18 23:54:05,779 INFO o.a.j.t.JMeterThread: Thread started: Thread Group 1-35
2023-03-18 23:54:05,779 WARN o.a.j.c.TransactionController: Could not fetch SamplePackage
2023-03-18 23:54:05,881 INFO o.a.j.t.JMeterThread: Thread started: Thread Group 1-36
2023-03-18 23:54:05,883 WARN o.a.j.c.TransactionController: Could not fetch SamplePackage
2023-03-18 23:54:05,980 INFO o.a.j.t.JMeterThread: Thread started: Thread Group 1-37
2023-03-18 23:54:05,983 WARN o.a.j.c.TransactionController: Could not fetch SamplePackage
2023-03-18 23:54:06,067 INFO o.a.j.t.JMeterThread: Thread started: Thread Group 1-38
2023-03-18 23:54:06,067 WARN o.a.j.c.TransactionController: Could not fetch SamplePackage
2023-03-18 23:54:06,168 INFO o.a.j.t.JMeterThread: Thread started: Thread Group 1-39
2023-03-18 23:54:06,168 WARN o.a.j.c.TransactionController: Could not fetch SamplePackage
2023-03-18 23:54:06,266 INFO o.a.j.t.JMeterThread: Thread started: Thread Group 1-40
2023-03-18 23:54:06,266 WARN o.a.j.c.TransactionController: Could not fetch SamplePackage
2023-03-18 23:54:06,367 INFO o.a.j.t.JMeterThread: Thread started: Thread Group 1-41
2023-03-18 23:54:06,367 WARN o.a.j.c.TransactionController: Could not fetch SamplePackage
2023-03-18 23:54:06,469 INFO o.a.j.t.JMeterThread: Thread started: Thread Group 1-42
2023-03-18 23:54:06,469 WARN o.a.j.c.TransactionController: Could not fetch SamplePackage
2023-03-18 23:54:06,568 INFO o.a.j.t.JMeterThread: Thread started: Thread Group 1-43
2023-03-18 23:54:06,568 WARN o.a.j.c.TransactionController: Could not fetch SamplePackage
2023-03-18 23:54:06,667 INFO o.a.j.t.JMeterThread: Thread started: Thread Group 1-44
2023-03-18 23:54:06,667 WARN o.a.j.c.TransactionController: Could not fetch SamplePackage
2023-03-18 23:54:06,767 INFO o.a.j.t.JMeterThread: Thread started: Thread Group 1-45
2023-03-18 23:54:06,770 WARN o.a.j.c.TransactionController: Could not fetch SamplePackage
2023-03-18 23:54:06,867 INFO o.a.j.t.JMeterThread: Thread started: Thread Group 1-46
2023-03-18 23:54:06,867 WARN o.a.j.c.TransactionController: Could not fetch SamplePackage
2023-03-18 23:54:06,960 INFO o.a.j.t.JMeterThread: Thread started: Thread Group 1-47
2023-03-18 23:54:06,960 WARN o.a.j.c.TransactionController: Could not fetch SamplePackage
2023-03-18 23:54:07,060 INFO o.a.j.t.JMeterThread: Thread started: Thread Group 1-48
2023-03-18 23:54:07,060 WARN o.a.j.c.TransactionController: Could not fetch SamplePackage
2023-03-18 23:54:07,161 INFO o.a.j.t.JMeterThread: Thread started: Thread Group 1-49
2023-03-18 23:54:07,161 WARN o.a.j.c.TransactionController: Could not fetch SamplePackage
2023-03-18 23:54:07,260 INFO o.a.j.t.JMeterThread: Thread started: Thread Group 1-50
2023-03-18 23:54:07,260 WARN o.a.j.c.TransactionController: Could not fetch SamplePackage
2023-03-18 23:54:07,361 INFO o.a.j.t.JMeterThread: Thread started: Thread Group 1-51
2023-03-18 23:54:07,362 WARN o.a.j.c.TransactionController: Could not fetch SamplePackage
2023-03-18 23:54:07,461 INFO o.a.j.t.JMeterThread: Thread started: Thread Group 1-52
2023-03-18 23:54:07,462 WARN o.a.j.c.TransactionController: Could not fetch SamplePackage
2023-03-18 23:54:07,560 INFO o.a.j.t.JMeterThread: Thread started: Thread Group 1-53
2023-03-18 23:54:07,561 WARN o.a.j.c.TransactionController: Could not fetch SamplePackage
2023-03-18 23:54:07,662 INFO o.a.j.t.JMeterThread: Thread started: Thread Group 1-54
2023-03-18 23:54:07,662 WARN o.a.j.c.TransactionController: Could not fetch SamplePackage
2023-03-18 23:54:07,763 INFO o.a.j.t.JMeterThread: Thread started: Thread Group 1-55
2023-03-18 23:54:07,764 WARN o.a.j.c.TransactionController: Could not fetch SamplePackage
2023-03-18 23:54:07,863 INFO o.a.j.t.JMeterThread: Thread started: Thread Group 1-56
2023-03-18 23:54:07,863 WARN o.a.j.c.TransactionController: Could not fetch SamplePackage
2023-03-18 23:54:07,961 INFO o.a.j.t.JMeterThread: Thread started: Thread Group 1-57
2023-03-18 23:54:07,961 WARN o.a.j.c.TransactionController: Could not fetch SamplePackage
2023-03-18 23:54:08,063 INFO o.a.j.t.JMeterThread: Thread started: Thread Group 1-58
2023-03-18 23:54:08,063 WARN o.a.j.c.TransactionController: Could not fetch SamplePackage
2023-03-18 23:54:08,162 INFO o.a.j.t.JMeterThread: Thread started: Thread Group 1-59
2023-03-18 23:54:08,162 WARN o.a.j.c.TransactionController: Could not fetch SamplePackage
2023-03-18 23:54:08,261 INFO o.a.j.t.JMeterThread: Thread started: Thread Group 1-60
2023-03-18 23:54:08,261 WARN o.a.j.c.TransactionController: Could not fetch SamplePackage
2023-03-18 23:54:08,361 INFO o.a.j.t.JMeterThread: Thread started: Thread Group 1-61
2023-03-18 23:54:08,361 WARN o.a.j.c.TransactionController: Could not fetch SamplePackage
2023-03-18 23:54:08,461 INFO o.a.j.t.JMeterThread: Thread started: Thread Group 1-62
2023-03-18 23:54:08,461 WARN o.a.j.c.TransactionController: Could not fetch SamplePackage
2023-03-18 23:54:08,571 INFO o.a.j.t.JMeterThread: Thread started: Thread Group 1-63
2023-03-18 23:54:08,571 WARN o.a.j.c.TransactionController: Could not fetch SamplePackage
2023-03-18 23:54:08,662 INFO o.a.j.t.JMeterThread: Thread started: Thread Group 1-64
2023-03-18 23:54:08,662 WARN o.a.j.c.TransactionController: Could not fetch SamplePackage
2023-03-18 23:54:08,762 INFO o.a.j.t.JMeterThread: Thread started: Thread Group 1-65
2023-03-18 23:54:08,762 WARN o.a.j.c.TransactionController: Could not fetch SamplePackage
2023-03-18 23:54:08,860 INFO o.a.j.t.JMeterThread: Thread started: Thread Group 1-66
2023-03-18 23:54:08,860 WARN o.a.j.c.TransactionController: Could not fetch SamplePackage
2023-03-18 23:54:08,959 INFO o.a.j.t.JMeterThread: Thread started: Thread Group 1-67
2023-03-18 23:54:08,959 WARN o.a.j.c.TransactionController: Could not fetch SamplePackage
2023-03-18 23:54:09,060 INFO o.a.j.t.JMeterThread: Thread started: Thread Group 1-68
2023-03-18 23:54:09,061 WARN o.a.j.c.TransactionController: Could not fetch SamplePackage
2023-03-18 23:54:09,161 INFO o.a.j.t.JMeterThread: Thread started: Thread Group 1-69
2023-03-18 23:54:09,161 WARN o.a.j.c.TransactionController: Could not fetch SamplePackage
2023-03-18 23:54:09,260 INFO o.a.j.t.JMeterThread: Thread started: Thread Group 1-70
2023-03-18 23:54:09,260 WARN o.a.j.c.TransactionController: Could not fetch SamplePackage
2023-03-18 23:54:09,363 INFO o.a.j.t.JMeterThread: Thread started: Thread Group 1-71
2023-03-18 23:54:09,364 WARN o.a.j.c.TransactionController: Could not fetch SamplePackage
2023-03-18 23:54:09,459 INFO o.a.j.t.JMeterThread: Thread started: Thread Group 1-72
2023-03-18 23:54:09,465 WARN o.a.j.c.TransactionController: Could not fetch SamplePackage
2023-03-18 23:54:09,559 INFO o.a.j.t.JMeterThread: Thread started: Thread Group 1-73
2023-03-18 23:54:09,560 WARN o.a.j.c.TransactionController: Could not fetch SamplePackage
2023-03-18 23:54:09,659 INFO o.a.j.t.JMeterThread: Thread started: Thread Group 1-74
2023-03-18 23:54:09,662 WARN o.a.j.c.TransactionController: Could not fetch SamplePackage
2023-03-18 23:54:09,759 INFO o.a.j.t.JMeterThread: Thread started: Thread Group 1-75
2023-03-18 23:54:09,759 WARN o.a.j.c.TransactionController: Could not fetch SamplePackage
2023-03-18 23:54:09,858 INFO o.a.j.t.JMeterThread: Thread started: Thread Group 1-76
2023-03-18 23:54:09,858 WARN o.a.j.c.TransactionController: Could not fetch SamplePackage
2023-03-18 23:54:09,958 INFO o.a.j.t.JMeterThread: Thread started: Thread Group 1-77
2023-03-18 23:54:09,958 WARN o.a.j.c.TransactionController: Could not fetch SamplePackage
2023-03-18 23:54:10,057 INFO o.a.j.t.JMeterThread: Thread started: Thread Group 1-78
2023-03-18 23:54:10,057 WARN o.a.j.c.TransactionController: Could not fetch SamplePackage
2023-03-18 23:54:10,158 INFO o.a.j.t.JMeterThread: Thread started: Thread Group 1-79
2023-03-18 23:54:10,158 WARN o.a.j.c.TransactionController: Could not fetch SamplePackage
2023-03-18 23:54:10,257 INFO o.a.j.t.JMeterThread: Thread started: Thread Group 1-80
2023-03-18 23:54:10,257 WARN o.a.j.c.TransactionController: Could not fetch SamplePackage
2023-03-18 23:54:10,357 INFO o.a.j.t.JMeterThread: Thread started: Thread Group 1-81
2023-03-18 23:54:10,357 WARN o.a.j.c.TransactionController: Could not fetch SamplePackage
2023-03-18 23:54:10,458 INFO o.a.j.t.JMeterThread: Thread started: Thread Group 1-82
2023-03-18 23:54:10,458 WARN o.a.j.c.TransactionController: Could not fetch SamplePackage
2023-03-18 23:54:10,557 INFO o.a.j.t.JMeterThread: Thread started: Thread Group 1-83
2023-03-18 23:54:10,557 WARN o.a.j.c.TransactionController: Could not fetch SamplePackage
2023-03-18 23:54:10,657 INFO o.a.j.t.JMeterThread: Thread started: Thread Group 1-84
2023-03-18 23:54:10,657 WARN o.a.j.c.TransactionController: Could not fetch SamplePackage
2023-03-18 23:54:10,757 INFO o.a.j.t.JMeterThread: Thread started: Thread Group 1-85
2023-03-18 23:54:10,757 WARN o.a.j.c.TransactionController: Could not fetch SamplePackage
2023-03-18 23:54:10,855 INFO o.a.j.t.JMeterThread: Thread started: Thread Group 1-86
2023-03-18 23:54:10,855 WARN o.a.j.c.TransactionController: Could not fetch SamplePackage
2023-03-18 23:54:10,956 INFO o.a.j.t.JMeterThread: Thread started: Thread Group 1-87
2023-03-18 23:54:10,956 WARN o.a.j.c.TransactionController: Could not fetch SamplePackage
2023-03-18 23:54:11,057 INFO o.a.j.t.JMeterThread: Thread started: Thread Group 1-88
2023-03-18 23:54:11,057 WARN o.a.j.c.TransactionController: Could not fetch SamplePackage
2023-03-18 23:54:11,156 INFO o.a.j.t.JMeterThread: Thread started: Thread Group 1-89
2023-03-18 23:54:11,156 WARN o.a.j.c.TransactionController: Could not fetch SamplePackage
2023-03-18 23:54:11,256 INFO o.a.j.t.JMeterThread: Thread started: Thread Group 1-90
2023-03-18 23:54:11,257 WARN o.a.j.c.TransactionController: Could not fetch SamplePackage
2023-03-18 23:54:11,355 INFO o.a.j.t.JMeterThread: Thread started: Thread Group 1-91
2023-03-18 23:54:11,355 WARN o.a.j.c.TransactionController: Could not fetch SamplePackage
2023-03-18 23:54:11,454 INFO o.a.j.t.JMeterThread: Thread started: Thread Group 1-92
2023-03-18 23:54:11,454 WARN o.a.j.c.TransactionController: Could not fetch SamplePackage
2023-03-18 23:54:11,554 INFO o.a.j.t.JMeterThread: Thread started: Thread Group 1-93
2023-03-18 23:54:11,554 WARN o.a.j.c.TransactionController: Could not fetch SamplePackage
2023-03-18 23:54:11,655 INFO o.a.j.t.JMeterThread: Thread started: Thread Group 1-94
2023-03-18 23:54:11,655 WARN o.a.j.c.TransactionController: Could not fetch SamplePackage
2023-03-18 23:54:11,754 INFO o.a.j.t.JMeterThread: Thread started: Thread Group 1-95
2023-03-18 23:54:11,754 WARN o.a.j.c.TransactionController: Could not fetch SamplePackage
2023-03-18 23:54:11,855 INFO o.a.j.t.JMeterThread: Thread started: Thread Group 1-96
2023-03-18 23:54:11,856 WARN o.a.j.c.TransactionController: Could not fetch SamplePackage
2023-03-18 23:54:11,955 INFO o.a.j.t.JMeterThread: Thread started: Thread Group 1-97
2023-03-18 23:54:11,955 WARN o.a.j.c.TransactionController: Could not fetch SamplePackage
2023-03-18 23:54:12,054 INFO o.a.j.t.JMeterThread: Thread started: Thread Group 1-98
2023-03-18 23:54:12,054 WARN o.a.j.c.TransactionController: Could not fetch SamplePackage
2023-03-18 23:54:12,154 INFO o.a.j.t.JMeterThread: Thread started: Thread Group 1-99
2023-03-18 23:54:12,154 WARN o.a.j.c.TransactionController: Could not fetch SamplePackage
2023-03-18 23:54:12,253 INFO o.a.j.t.JMeterThread: Thread started: Thread Group 1-100
2023-03-18 23:54:12,253 WARN o.a.j.c.TransactionController: Could not fetch SamplePackage
2023-03-18 23:54:30,168 INFO o.a.j.r.Summariser: summary +    103 in 00:00:25 =    4.2/s Avg:   961 Min:   403 Max:  2545 Err:     0 (0.00%) Active: 100 Started: 100 Finished: 0
2023-03-18 23:54:30,168 INFO o.a.j.r.Summariser: summary =    104 in 00:00:28 =    3.7/s Avg:   963 Min:   403 Max:  2545 Err:     0 (0.00%)
2023-03-18 23:54:38,195 INFO o.a.j.t.JMeterThread: Thread is done: Thread Group 1-10
2023-03-18 23:54:38,195 INFO o.a.j.t.JMeterThread: Thread finished: Thread Group 1-10
2023-03-18 23:54:39,927 INFO o.a.j.t.JMeterThread: Thread is done: Thread Group 1-32
2023-03-18 23:54:39,927 INFO o.a.j.t.JMeterThread: Thread finished: Thread Group 1-32
2023-03-18 23:54:40,283 INFO o.a.j.t.JMeterThread: Thread is done: Thread Group 1-33
2023-03-18 23:54:40,284 INFO o.a.j.t.JMeterThread: Thread finished: Thread Group 1-33
2023-03-18 23:54:40,913 INFO o.a.j.t.JMeterThread: Thread is done: Thread Group 1-30
2023-03-18 23:54:40,913 INFO o.a.j.t.JMeterThread: Thread finished: Thread Group 1-30
2023-03-18 23:54:43,346 INFO o.a.j.t.JMeterThread: Thread is done: Thread Group 1-49
2023-03-18 23:54:43,346 INFO o.a.j.t.JMeterThread: Thread finished: Thread Group 1-49
2023-03-18 23:54:43,419 INFO o.a.j.t.JMeterThread: Thread is done: Thread Group 1-19
2023-03-18 23:54:43,419 INFO o.a.j.t.JMeterThread: Thread finished: Thread Group 1-19
2023-03-18 23:54:43,484 INFO o.a.j.t.JMeterThread: Thread is done: Thread Group 1-67
2023-03-18 23:54:43,484 INFO o.a.j.t.JMeterThread: Thread finished: Thread Group 1-67
2023-03-18 23:54:43,606 INFO o.a.j.t.JMeterThread: Thread is done: Thread Group 1-40
2023-03-18 23:54:43,606 INFO o.a.j.t.JMeterThread: Thread finished: Thread Group 1-40
2023-03-18 23:54:45,366 INFO o.a.j.t.JMeterThread: Thread is done: Thread Group 1-8
2023-03-18 23:54:45,366 INFO o.a.j.t.JMeterThread: Thread finished: Thread Group 1-8
2023-03-18 23:54:46,624 INFO o.a.j.t.JMeterThread: Thread is done: Thread Group 1-27
2023-03-18 23:54:46,624 INFO o.a.j.t.JMeterThread: Thread finished: Thread Group 1-27
2023-03-18 23:54:47,376 INFO o.a.j.t.JMeterThread: Thread is done: Thread Group 1-42
2023-03-18 23:54:47,376 INFO o.a.j.t.JMeterThread: Thread finished: Thread Group 1-42
2023-03-18 23:54:47,379 INFO o.a.j.t.JMeterThread: Thread is done: Thread Group 1-43
2023-03-18 23:54:47,379 INFO o.a.j.t.JMeterThread: Thread finished: Thread Group 1-43
2023-03-18 23:54:49,406 INFO o.a.j.t.JMeterThread: Thread is done: Thread Group 1-38
2023-03-18 23:54:49,406 INFO o.a.j.t.JMeterThread: Thread finished: Thread Group 1-38
2023-03-18 23:54:49,473 INFO o.a.j.t.JMeterThread: Thread is done: Thread Group 1-72
2023-03-18 23:54:49,473 INFO o.a.j.t.JMeterThread: Thread finished: Thread Group 1-72
2023-03-18 23:54:50,015 INFO o.a.j.t.JMeterThread: Thread is done: Thread Group 1-66
2023-03-18 23:54:50,015 INFO o.a.j.t.JMeterThread: Thread finished: Thread Group 1-66
2023-03-18 23:54:50,058 INFO o.a.j.t.JMeterThread: Thread is done: Thread Group 1-6
2023-03-18 23:54:50,058 INFO o.a.j.t.JMeterThread: Thread finished: Thread Group 1-6
2023-03-18 23:54:50,664 INFO o.a.j.t.JMeterThread: Thread is done: Thread Group 1-71
2023-03-18 23:54:50,664 INFO o.a.j.t.JMeterThread: Thread finished: Thread Group 1-71
2023-03-18 23:54:51,103 INFO o.a.j.t.JMeterThread: Thread is done: Thread Group 1-79
2023-03-18 23:54:51,103 INFO o.a.j.t.JMeterThread: Thread finished: Thread Group 1-79
2023-03-18 23:54:51,378 INFO o.a.j.t.JMeterThread: Thread is done: Thread Group 1-77
2023-03-18 23:54:51,378 INFO o.a.j.t.JMeterThread: Thread finished: Thread Group 1-77
2023-03-18 23:54:52,555 INFO o.a.j.t.JMeterThread: Thread is done: Thread Group 1-29
2023-03-18 23:54:52,555 INFO o.a.j.t.JMeterThread: Thread finished: Thread Group 1-29
2023-03-18 23:54:53,119 INFO o.a.j.t.JMeterThread: Thread is done: Thread Group 1-7
2023-03-18 23:54:53,119 INFO o.a.j.t.JMeterThread: Thread finished: Thread Group 1-7
2023-03-18 23:54:53,401 INFO o.a.j.t.JMeterThread: Thread is done: Thread Group 1-69
2023-03-18 23:54:53,401 INFO o.a.j.t.JMeterThread: Thread finished: Thread Group 1-69
2023-03-18 23:54:54,008 INFO o.a.j.t.JMeterThread: Thread is done: Thread Group 1-57
2023-03-18 23:54:54,008 INFO o.a.j.t.JMeterThread: Thread finished: Thread Group 1-57
2023-03-18 23:54:54,335 INFO o.a.j.t.JMeterThread: Thread is done: Thread Group 1-34
2023-03-18 23:54:54,335 INFO o.a.j.t.JMeterThread: Thread finished: Thread Group 1-34
2023-03-18 23:54:55,033 INFO o.a.j.t.JMeterThread: Thread is done: Thread Group 1-95
2023-03-18 23:54:55,033 INFO o.a.j.t.JMeterThread: Thread finished: Thread Group 1-95
2023-03-18 23:54:55,803 INFO o.a.j.t.JMeterThread: Thread is done: Thread Group 1-4
2023-03-18 23:54:55,803 INFO o.a.j.t.JMeterThread: Thread finished: Thread Group 1-4
2023-03-18 23:54:56,095 INFO o.a.j.t.JMeterThread: Thread is done: Thread Group 1-96
2023-03-18 23:54:56,095 INFO o.a.j.t.JMeterThread: Thread finished: Thread Group 1-96
2023-03-18 23:54:56,625 INFO o.a.j.t.JMeterThread: Thread is done: Thread Group 1-21
2023-03-18 23:54:56,625 INFO o.a.j.t.JMeterThread: Thread finished: Thread Group 1-21
2023-03-18 23:54:56,650 INFO o.a.j.t.JMeterThread: Thread is done: Thread Group 1-99
2023-03-18 23:54:56,650 INFO o.a.j.t.JMeterThread: Thread finished: Thread Group 1-99
2023-03-18 23:54:56,824 INFO o.a.j.t.JMeterThread: Thread is done: Thread Group 1-88
2023-03-18 23:54:56,824 INFO o.a.j.t.JMeterThread: Thread finished: Thread Group 1-88
2023-03-18 23:54:56,896 INFO o.a.j.t.JMeterThread: Thread is done: Thread Group 1-97
2023-03-18 23:54:56,896 INFO o.a.j.t.JMeterThread: Thread finished: Thread Group 1-97
2023-03-18 23:54:56,925 INFO o.a.j.t.JMeterThread: Thread is done: Thread Group 1-76
2023-03-18 23:54:56,925 INFO o.a.j.t.JMeterThread: Thread finished: Thread Group 1-76
2023-03-18 23:54:57,029 INFO o.a.j.t.JMeterThread: Thread is done: Thread Group 1-87
2023-03-18 23:54:57,030 INFO o.a.j.t.JMeterThread: Thread finished: Thread Group 1-87
2023-03-18 23:54:57,335 INFO o.a.j.t.JMeterThread: Thread is done: Thread Group 1-39
2023-03-18 23:54:57,335 INFO o.a.j.t.JMeterThread: Thread finished: Thread Group 1-39
2023-03-18 23:54:58,572 INFO o.a.j.t.JMeterThread: Thread is done: Thread Group 1-70
2023-03-18 23:54:58,572 INFO o.a.j.t.JMeterThread: Thread finished: Thread Group 1-70
2023-03-18 23:54:58,867 INFO o.a.j.t.JMeterThread: Thread is done: Thread Group 1-14
2023-03-18 23:54:58,867 INFO o.a.j.t.JMeterThread: Thread is done: Thread Group 1-12
2023-03-18 23:54:58,867 INFO o.a.j.t.JMeterThread: Thread finished: Thread Group 1-12
2023-03-18 23:54:58,867 INFO o.a.j.t.JMeterThread: Thread finished: Thread Group 1-14
2023-03-18 23:55:00,024 INFO o.a.j.r.Summariser: summary +    140 in 00:00:30 =    4.7/s Avg:   444 Min:   349 Max:  1573 Err:     0 (0.00%) Active: 63 Started: 100 Finished: 37
2023-03-18 23:55:00,025 INFO o.a.j.r.Summariser: summary =    244 in 00:00:58 =    4.2/s Avg:   665 Min:   349 Max:  2545 Err:     0 (0.00%)
2023-03-18 23:55:00,033 INFO o.a.j.t.JMeterThread: Thread is done: Thread Group 1-86
2023-03-18 23:55:00,033 INFO o.a.j.t.JMeterThread: Thread finished: Thread Group 1-86
2023-03-18 23:55:00,940 INFO o.a.j.t.JMeterThread: Thread is done: Thread Group 1-9
2023-03-18 23:55:00,941 INFO o.a.j.t.JMeterThread: Thread finished: Thread Group 1-9
2023-03-18 23:55:03,025 INFO o.a.j.t.JMeterThread: Thread is done: Thread Group 1-16
2023-03-18 23:55:03,025 INFO o.a.j.t.JMeterThread: Thread finished: Thread Group 1-16
2023-03-18 23:55:03,374 INFO o.a.j.t.JMeterThread: Thread is done: Thread Group 1-80
2023-03-18 23:55:03,375 INFO o.a.j.t.JMeterThread: Thread finished: Thread Group 1-80
2023-03-18 23:55:03,797 INFO o.a.j.t.JMeterThread: Thread is done: Thread Group 1-65
2023-03-18 23:55:03,798 INFO o.a.j.t.JMeterThread: Thread finished: Thread Group 1-65
2023-03-18 23:55:04,288 INFO o.a.j.t.JMeterThread: Thread is done: Thread Group 1-100
2023-03-18 23:55:04,288 INFO o.a.j.t.JMeterThread: Thread finished: Thread Group 1-100
2023-03-18 23:55:04,309 INFO o.a.j.t.JMeterThread: Thread is done: Thread Group 1-55
2023-03-18 23:55:04,309 INFO o.a.j.t.JMeterThread: Thread finished: Thread Group 1-55
2023-03-18 23:55:04,842 INFO o.a.j.t.JMeterThread: Thread is done: Thread Group 1-18
2023-03-18 23:55:04,842 INFO o.a.j.t.JMeterThread: Thread finished: Thread Group 1-18
2023-03-18 23:55:05,808 INFO o.a.j.t.JMeterThread: Thread is done: Thread Group 1-75
2023-03-18 23:55:05,808 INFO o.a.j.t.JMeterThread: Thread finished: Thread Group 1-75
2023-03-18 23:55:06,078 INFO o.a.j.t.JMeterThread: Thread is done: Thread Group 1-17
2023-03-18 23:55:06,078 INFO o.a.j.t.JMeterThread: Thread finished: Thread Group 1-17
2023-03-18 23:55:06,468 INFO o.a.j.t.JMeterThread: Thread is done: Thread Group 1-48
2023-03-18 23:55:06,468 INFO o.a.j.t.JMeterThread: Thread finished: Thread Group 1-48
2023-03-18 23:55:07,206 INFO o.a.j.t.JMeterThread: Thread is done: Thread Group 1-85
2023-03-18 23:55:07,206 INFO o.a.j.t.JMeterThread: Thread finished: Thread Group 1-85
2023-03-18 23:55:07,574 INFO o.a.j.t.JMeterThread: Thread is done: Thread Group 1-37
2023-03-18 23:55:07,574 INFO o.a.j.t.JMeterThread: Thread finished: Thread Group 1-37
2023-03-18 23:55:07,612 INFO o.a.j.t.JMeterThread: Thread is done: Thread Group 1-82
2023-03-18 23:55:07,612 INFO o.a.j.t.JMeterThread: Thread finished: Thread Group 1-82
2023-03-18 23:55:08,317 INFO o.a.j.t.JMeterThread: Thread is done: Thread Group 1-50
2023-03-18 23:55:08,317 INFO o.a.j.t.JMeterThread: Thread finished: Thread Group 1-50
2023-03-18 23:55:08,723 INFO o.a.j.t.JMeterThread: Thread is done: Thread Group 1-25
2023-03-18 23:55:08,723 INFO o.a.j.t.JMeterThread: Thread finished: Thread Group 1-25
2023-03-18 23:55:08,991 INFO o.a.j.t.JMeterThread: Thread is done: Thread Group 1-83
2023-03-18 23:55:08,991 INFO o.a.j.t.JMeterThread: Thread finished: Thread Group 1-83
2023-03-18 23:55:09,150 INFO o.a.j.t.JMeterThread: Thread is done: Thread Group 1-28
2023-03-18 23:55:09,150 INFO o.a.j.t.JMeterThread: Thread finished: Thread Group 1-28
2023-03-18 23:55:09,239 INFO o.a.j.t.JMeterThread: Thread is done: Thread Group 1-11
2023-03-18 23:55:09,239 INFO o.a.j.t.JMeterThread: Thread finished: Thread Group 1-11
2023-03-18 23:55:09,602 INFO o.a.j.t.JMeterThread: Thread is done: Thread Group 1-52
2023-03-18 23:55:09,602 INFO o.a.j.t.JMeterThread: Thread finished: Thread Group 1-52
2023-03-18 23:55:09,666 INFO o.a.j.t.JMeterThread: Thread is done: Thread Group 1-92
2023-03-18 23:55:09,666 INFO o.a.j.t.JMeterThread: Thread finished: Thread Group 1-92
2023-03-18 23:55:10,124 INFO o.a.j.t.JMeterThread: Thread is done: Thread Group 1-73
2023-03-18 23:55:10,124 INFO o.a.j.t.JMeterThread: Thread finished: Thread Group 1-73
2023-03-18 23:55:10,219 INFO o.a.j.t.JMeterThread: Thread is done: Thread Group 1-23
2023-03-18 23:55:10,219 INFO o.a.j.t.JMeterThread: Thread finished: Thread Group 1-23
2023-03-18 23:55:10,487 INFO o.a.j.t.JMeterThread: Thread is done: Thread Group 1-31
2023-03-18 23:55:10,487 INFO o.a.j.t.JMeterThread: Thread finished: Thread Group 1-31
2023-03-18 23:55:10,803 INFO o.a.j.t.JMeterThread: Thread is done: Thread Group 1-54
2023-03-18 23:55:10,803 INFO o.a.j.t.JMeterThread: Thread finished: Thread Group 1-54
2023-03-18 23:55:10,834 INFO o.a.j.t.JMeterThread: Thread is done: Thread Group 1-13
2023-03-18 23:55:10,834 INFO o.a.j.t.JMeterThread: Thread finished: Thread Group 1-13
2023-03-18 23:55:10,914 INFO o.a.j.t.JMeterThread: Thread is done: Thread Group 1-35
2023-03-18 23:55:10,914 INFO o.a.j.t.JMeterThread: Thread finished: Thread Group 1-35
2023-03-18 23:55:11,034 INFO o.a.j.t.JMeterThread: Thread is done: Thread Group 1-47
2023-03-18 23:55:11,034 INFO o.a.j.t.JMeterThread: Thread finished: Thread Group 1-47
2023-03-18 23:55:11,393 INFO o.a.j.t.JMeterThread: Thread is done: Thread Group 1-20
2023-03-18 23:55:11,393 INFO o.a.j.t.JMeterThread: Thread finished: Thread Group 1-20
2023-03-18 23:55:11,411 INFO o.a.j.t.JMeterThread: Thread is done: Thread Group 1-89
2023-03-18 23:55:11,411 INFO o.a.j.t.JMeterThread: Thread finished: Thread Group 1-89
2023-03-18 23:55:11,551 INFO o.a.j.t.JMeterThread: Thread is done: Thread Group 1-41
2023-03-18 23:55:11,551 INFO o.a.j.t.JMeterThread: Thread finished: Thread Group 1-41
2023-03-18 23:55:11,598 INFO o.a.j.t.JMeterThread: Thread is done: Thread Group 1-15
2023-03-18 23:55:11,598 INFO o.a.j.t.JMeterThread: Thread finished: Thread Group 1-15
2023-03-18 23:55:11,894 INFO o.a.j.t.JMeterThread: Thread is done: Thread Group 1-5
2023-03-18 23:55:11,894 INFO o.a.j.t.JMeterThread: Thread finished: Thread Group 1-5
2023-03-18 23:55:12,718 INFO o.a.j.t.JMeterThread: Thread is done: Thread Group 1-64
2023-03-18 23:55:12,718 INFO o.a.j.t.JMeterThread: Thread finished: Thread Group 1-64
2023-03-18 23:55:12,891 INFO o.a.j.t.JMeterThread: Thread is done: Thread Group 1-93
2023-03-18 23:55:12,891 INFO o.a.j.t.JMeterThread: Thread finished: Thread Group 1-93
2023-03-18 23:55:14,329 INFO o.a.j.t.JMeterThread: Thread is done: Thread Group 1-56
2023-03-18 23:55:14,329 INFO o.a.j.t.JMeterThread: Thread finished: Thread Group 1-56
2023-03-18 23:55:14,391 INFO o.a.j.t.JMeterThread: Thread is done: Thread Group 1-98
2023-03-18 23:55:14,391 INFO o.a.j.t.JMeterThread: Thread finished: Thread Group 1-98
2023-03-18 23:55:16,540 INFO o.a.j.t.JMeterThread: Thread is done: Thread Group 1-91
2023-03-18 23:55:16,540 INFO o.a.j.t.JMeterThread: Thread finished: Thread Group 1-91
2023-03-18 23:55:17,078 INFO o.a.j.t.JMeterThread: Thread is done: Thread Group 1-58
2023-03-18 23:55:17,078 INFO o.a.j.t.JMeterThread: Thread finished: Thread Group 1-58
2023-03-18 23:55:17,752 INFO o.a.j.t.JMeterThread: Thread is done: Thread Group 1-62
2023-03-18 23:55:17,752 INFO o.a.j.t.JMeterThread: Thread finished: Thread Group 1-62
2023-03-18 23:55:18,680 INFO o.a.j.t.JMeterThread: Thread is done: Thread Group 1-74
2023-03-18 23:55:18,680 INFO o.a.j.t.JMeterThread: Thread finished: Thread Group 1-74
2023-03-18 23:55:19,048 INFO o.a.j.t.JMeterThread: Thread is done: Thread Group 1-2
2023-03-18 23:55:19,049 INFO o.a.j.t.JMeterThread: Thread finished: Thread Group 1-2
2023-03-18 23:55:19,308 INFO o.a.j.t.JMeterThread: Thread is done: Thread Group 1-61
2023-03-18 23:55:19,308 INFO o.a.j.t.JMeterThread: Thread finished: Thread Group 1-61
2023-03-18 23:55:19,321 INFO o.a.j.t.JMeterThread: Thread is done: Thread Group 1-46
2023-03-18 23:55:19,322 INFO o.a.j.t.JMeterThread: Thread finished: Thread Group 1-46
2023-03-18 23:55:20,574 INFO o.a.j.t.JMeterThread: Thread is done: Thread Group 1-94
2023-03-18 23:55:20,574 INFO o.a.j.t.JMeterThread: Thread finished: Thread Group 1-94
2023-03-18 23:55:20,698 INFO o.a.j.t.JMeterThread: Thread is done: Thread Group 1-84
2023-03-18 23:55:20,698 INFO o.a.j.t.JMeterThread: Thread finished: Thread Group 1-84
2023-03-18 23:55:20,815 INFO o.a.j.t.JMeterThread: Thread is done: Thread Group 1-36
2023-03-18 23:55:20,815 INFO o.a.j.t.JMeterThread: Thread finished: Thread Group 1-36
2023-03-18 23:55:21,211 INFO o.a.j.t.JMeterThread: Thread is done: Thread Group 1-45
2023-03-18 23:55:21,211 INFO o.a.j.t.JMeterThread: Thread finished: Thread Group 1-45
2023-03-18 23:55:21,231 INFO o.a.j.t.JMeterThread: Thread is done: Thread Group 1-44
2023-03-18 23:55:21,231 INFO o.a.j.t.JMeterThread: Thread finished: Thread Group 1-44
2023-03-18 23:55:21,271 INFO o.a.j.t.JMeterThread: Thread is done: Thread Group 1-3
2023-03-18 23:55:21,271 INFO o.a.j.t.JMeterThread: Thread finished: Thread Group 1-3
2023-03-18 23:55:23,423 INFO o.a.j.t.JMeterThread: Thread is done: Thread Group 1-78
2023-03-18 23:55:23,423 INFO o.a.j.t.JMeterThread: Thread finished: Thread Group 1-78
2023-03-18 23:55:24,804 INFO o.a.j.t.JMeterThread: Thread is done: Thread Group 1-59
2023-03-18 23:55:24,804 INFO o.a.j.t.JMeterThread: Thread finished: Thread Group 1-59
2023-03-18 23:55:24,915 INFO o.a.j.t.JMeterThread: Thread is done: Thread Group 1-53
2023-03-18 23:55:24,915 INFO o.a.j.t.JMeterThread: Thread finished: Thread Group 1-53
2023-03-18 23:55:25,052 INFO o.a.j.t.JMeterThread: Thread is done: Thread Group 1-60
2023-03-18 23:55:25,052 INFO o.a.j.t.JMeterThread: Thread finished: Thread Group 1-60
2023-03-18 23:55:25,189 INFO o.a.j.t.JMeterThread: Thread is done: Thread Group 1-26
2023-03-18 23:55:25,189 INFO o.a.j.t.JMeterThread: Thread finished: Thread Group 1-26
2023-03-18 23:55:27,078 INFO o.a.j.t.JMeterThread: Thread is done: Thread Group 1-24
2023-03-18 23:55:27,078 INFO o.a.j.t.JMeterThread: Thread finished: Thread Group 1-24
2023-03-18 23:55:27,271 INFO o.a.j.t.JMeterThread: Thread is done: Thread Group 1-63
2023-03-18 23:55:27,271 INFO o.a.j.t.JMeterThread: Thread finished: Thread Group 1-63
2023-03-18 23:55:27,377 INFO o.a.j.t.JMeterThread: Thread is done: Thread Group 1-1
2023-03-18 23:55:27,377 INFO o.a.j.t.JMeterThread: Thread finished: Thread Group 1-1
2023-03-18 23:55:27,977 INFO o.a.j.t.JMeterThread: Thread is done: Thread Group 1-22
2023-03-18 23:55:27,977 INFO o.a.j.t.JMeterThread: Thread finished: Thread Group 1-22
2023-03-18 23:55:28,463 INFO o.a.j.t.JMeterThread: Thread is done: Thread Group 1-90
2023-03-18 23:55:28,463 INFO o.a.j.t.JMeterThread: Thread finished: Thread Group 1-90
2023-03-18 23:55:28,619 INFO o.a.j.t.JMeterThread: Thread is done: Thread Group 1-51
2023-03-18 23:55:28,619 INFO o.a.j.t.JMeterThread: Thread finished: Thread Group 1-51
2023-03-18 23:55:30,947 INFO o.a.j.r.Summariser: summary +    153 in 00:00:31 =    4.9/s Avg:   485 Min:   360 Max:   809 Err:     0 (0.00%) Active: 2 Started: 100 Finished: 98
2023-03-18 23:55:30,947 INFO o.a.j.r.Summariser: summary =    397 in 00:01:29 =    4.5/s Avg:   596 Min:   349 Max:  2545 Err:     0 (0.00%)
2023-03-18 23:55:31,346 INFO o.a.j.t.JMeterThread: Thread is done: Thread Group 1-81
2023-03-18 23:55:31,346 INFO o.a.j.t.JMeterThread: Thread finished: Thread Group 1-81
2023-03-18 23:55:31,450 INFO o.a.j.t.JMeterThread: Thread is done: Thread Group 1-68
2023-03-18 23:55:31,450 INFO o.a.j.t.JMeterThread: Thread finished: Thread Group 1-68
2023-03-18 23:55:31,450 INFO o.a.j.e.StandardJMeterEngine: Notifying test listeners of end of test
2023-03-18 23:55:31,450 INFO o.a.j.r.Summariser: summary +      3 in 00:00:01 =    6.0/s Avg:   409 Min:   377 Max:   453 Err:     0 (0.00%) Active: 0 Started: 100 Finished: 100
2023-03-18 23:55:31,450 INFO o.a.j.r.Summariser: summary =    400 in 00:01:29 =    4.5/s Avg:   595 Min:   349 Max:  2545 Err:     0 (0.00%)
