2023-03-18 23:51:35,622 INFO o.a.j.u.JMeterUtils: Setting Locale to en_EN
2023-03-18 23:51:35,622 INFO o.a.j.JMeter: Loading user properties from: D:\Software Testing\Tools\apache-jmeter-5.5\bin\user.properties
2023-03-18 23:51:35,622 INFO o.a.j.JMeter: Loading system properties from: D:\Software Testing\Tools\apache-jmeter-5.5\bin\system.properties
2023-03-18 23:51:35,638 INFO o.a.j.JMeter: Copyright (c) 1998-2022 The Apache Software Foundation
2023-03-18 23:51:35,638 INFO o.a.j.JMeter: Version 5.5
2023-03-18 23:51:35,638 INFO o.a.j.JMeter: java.version=1.8.0_202
2023-03-18 23:51:35,638 INFO o.a.j.JMeter: java.vm.name=Java HotSpot(TM) 64-Bit Server VM
2023-03-18 23:51:35,638 INFO o.a.j.JMeter: os.name=Windows 10
2023-03-18 23:51:35,638 INFO o.a.j.JMeter: os.arch=amd64
2023-03-18 23:51:35,638 INFO o.a.j.JMeter: os.version=10.0
2023-03-18 23:51:35,638 INFO o.a.j.JMeter: file.encoding=Cp1252
2023-03-18 23:51:35,638 INFO o.a.j.JMeter: java.awt.headless=true
2023-03-18 23:51:35,638 INFO o.a.j.JMeter: Max memory     =1073741824
2023-03-18 23:51:35,638 INFO o.a.j.JMeter: Available Processors =4
2023-03-18 23:51:35,638 INFO o.a.j.JMeter: Default Locale=English (EN)
2023-03-18 23:51:35,638 INFO o.a.j.JMeter: JMeter  Locale=English (EN)
2023-03-18 23:51:35,638 INFO o.a.j.JMeter: JMeterHome=D:\Software Testing\Tools\apache-jmeter-5.5
2023-03-18 23:51:35,638 INFO o.a.j.JMeter: user.dir  =C:\Users\itsbu\OneDrive\Desktop\Christine\Part A
2023-03-18 23:51:35,638 INFO o.a.j.JMeter: PWD       =C:\Users\itsbu\OneDrive\Desktop\Christine\Part A
2023-03-18 23:51:35,638 INFO o.a.j.JMeter: IP: 192.168.0.114 Name: IMRAN-AL-MUNYEEM FullName: host.docker.internal
2023-03-18 23:51:35,664 INFO o.a.j.s.FileServer: Default base='C:\Users\itsbu\OneDrive\Desktop\Christine\Part A'
2023-03-18 23:51:35,664 INFO o.a.j.s.FileServer: Set new base='C:\Users\itsbu\OneDrive\Desktop\Christine\Part A\.'
2023-03-18 23:51:35,781 INFO o.a.j.s.SaveService: Testplan (JMX) version: 2.2. Testlog (JTL) version: 2.2
2023-03-18 23:51:35,795 INFO o.a.j.s.SaveService: Using SaveService properties file encoding UTF-8
2023-03-18 23:51:35,795 INFO o.a.j.s.SaveService: Using SaveService properties version 5.0
2023-03-18 23:51:35,795 INFO o.a.j.s.SaveService: Loading file: .\Christine_Part_A.jmx
2023-03-18 23:51:35,842 INFO o.a.j.p.h.s.HTTPSamplerBase: Parser for text/html is org.apache.jmeter.protocol.http.parser.LagartoBasedHtmlParser
2023-03-18 23:51:35,842 INFO o.a.j.p.h.s.HTTPSamplerBase: Parser for application/xhtml+xml is org.apache.jmeter.protocol.http.parser.LagartoBasedHtmlParser
2023-03-18 23:51:35,842 INFO o.a.j.p.h.s.HTTPSamplerBase: Parser for application/xml is org.apache.jmeter.protocol.http.parser.LagartoBasedHtmlParser
2023-03-18 23:51:35,842 INFO o.a.j.p.h.s.HTTPSamplerBase: Parser for text/xml is org.apache.jmeter.protocol.http.parser.LagartoBasedHtmlParser
2023-03-18 23:51:35,842 INFO o.a.j.p.h.s.HTTPSamplerBase: Parser for text/vnd.wap.wml is org.apache.jmeter.protocol.http.parser.RegexpHTMLParser
2023-03-18 23:51:35,842 INFO o.a.j.p.h.s.HTTPSamplerBase: Parser for text/css is org.apache.jmeter.protocol.http.parser.CssParser
2023-03-18 23:51:36,094 INFO o.a.j.JMeter: Creating summariser <summary>
2023-03-18 23:51:36,111 INFO o.a.j.e.StandardJMeterEngine: Running the test!
2023-03-18 23:51:36,112 INFO o.a.j.s.SampleEvent: List of sample_variables: []
2023-03-18 23:51:36,112 INFO o.a.j.s.SampleEvent: List of sample_variables: []
2023-03-18 23:51:36,116 INFO o.a.j.e.u.CompoundVariable: Note: Function class names must contain the string: '.functions.'
2023-03-18 23:51:36,116 INFO o.a.j.e.u.CompoundVariable: Note: Function class names must not contain the string: '.gui.'
2023-03-18 23:51:36,380 INFO o.a.j.JMeter: Running test (1679161896380)
2023-03-18 23:51:36,408 INFO o.a.j.e.StandardJMeterEngine: Starting ThreadGroup: 1 : concordia
2023-03-18 23:51:36,408 INFO o.a.j.e.StandardJMeterEngine: Starting 10 threads for group concordia.
2023-03-18 23:51:36,408 INFO o.a.j.e.StandardJMeterEngine: Thread will continue on error
2023-03-18 23:51:36,408 INFO o.a.j.t.ThreadGroup: Starting thread group... number=1 threads=10 ramp-up=10 delayedStart=false
2023-03-18 23:51:36,408 INFO o.a.j.t.ThreadGroup: Started thread group number 1
2023-03-18 23:51:36,408 INFO o.a.j.e.StandardJMeterEngine: All thread groups have been started
2023-03-18 23:51:36,424 INFO o.a.j.t.JMeterThread: Thread started: concordia 1-1
2023-03-18 23:51:36,425 INFO o.a.j.p.h.s.HTTPHCAbstractImpl: Local host = IMRAN-AL-MUNYEEM
2023-03-18 23:51:36,440 INFO o.a.j.p.h.s.HTTPHC4Impl: HTTP request retry count = 0
2023-03-18 23:51:36,440 INFO o.a.j.s.SampleResult: Note: Sample TimeStamps are START times
2023-03-18 23:51:36,440 INFO o.a.j.s.SampleResult: sampleresult.default.encoding is set to ISO-8859-1
2023-03-18 23:51:36,440 INFO o.a.j.s.SampleResult: sampleresult.useNanoTime=true
2023-03-18 23:51:36,440 INFO o.a.j.s.SampleResult: sampleresult.nanoThreadSleep=5000
2023-03-18 23:51:36,503 INFO o.a.j.p.h.s.h.LazyLayeredConnectionSocketFactory: Setting up HTTPS TrustAll Socket Factory
2023-03-18 23:51:36,518 INFO o.a.j.u.JsseSSLManager: Using default SSL protocol: TLS
2023-03-18 23:51:36,518 INFO o.a.j.u.JsseSSLManager: SSL session context: per-thread
2023-03-18 23:51:37,208 INFO o.a.j.u.SSLManager: JmeterKeyStore Location:  type JKS
2023-03-18 23:51:37,208 INFO o.a.j.u.SSLManager: KeyStore created OK
2023-03-18 23:51:37,208 WARN o.a.j.u.SSLManager: Keystore file not found, loading empty keystore
2023-03-18 23:51:37,435 INFO o.a.j.t.JMeterThread: Thread started: concordia 1-2
2023-03-18 23:51:38,426 INFO o.a.j.t.JMeterThread: Thread started: concordia 1-3
2023-03-18 23:51:38,723 INFO o.a.j.t.JMeterThread: Thread is done: concordia 1-2
2023-03-18 23:51:38,723 INFO o.a.j.t.JMeterThread: Thread finished: concordia 1-2
2023-03-18 23:51:38,823 INFO o.a.j.t.JMeterThread: Thread is done: concordia 1-1
2023-03-18 23:51:38,823 INFO o.a.j.t.JMeterThread: Thread finished: concordia 1-1
2023-03-18 23:51:39,425 INFO o.a.j.t.JMeterThread: Thread started: concordia 1-4
2023-03-18 23:51:39,637 INFO o.a.j.t.JMeterThread: Thread is done: concordia 1-3
2023-03-18 23:51:39,637 INFO o.a.j.t.JMeterThread: Thread finished: concordia 1-3
2023-03-18 23:51:40,424 INFO o.a.j.t.JMeterThread: Thread started: concordia 1-5
2023-03-18 23:51:40,682 INFO o.a.j.t.JMeterThread: Thread is done: concordia 1-4
2023-03-18 23:51:40,682 INFO o.a.j.t.JMeterThread: Thread finished: concordia 1-4
2023-03-18 23:51:41,424 INFO o.a.j.t.JMeterThread: Thread started: concordia 1-6
2023-03-18 23:51:41,624 INFO o.a.j.t.JMeterThread: Thread is done: concordia 1-5
2023-03-18 23:51:41,624 INFO o.a.j.t.JMeterThread: Thread finished: concordia 1-5
2023-03-18 23:51:42,425 INFO o.a.j.t.JMeterThread: Thread started: concordia 1-7
2023-03-18 23:51:42,668 INFO o.a.j.t.JMeterThread: Thread is done: concordia 1-6
2023-03-18 23:51:42,669 INFO o.a.j.t.JMeterThread: Thread finished: concordia 1-6
2023-03-18 23:51:43,425 INFO o.a.j.t.JMeterThread: Thread started: concordia 1-8
2023-03-18 23:51:43,628 INFO o.a.j.t.JMeterThread: Thread is done: concordia 1-7
2023-03-18 23:51:43,628 INFO o.a.j.t.JMeterThread: Thread finished: concordia 1-7
2023-03-18 23:51:44,426 INFO o.a.j.t.JMeterThread: Thread started: concordia 1-9
2023-03-18 23:51:44,666 INFO o.a.j.t.JMeterThread: Thread is done: concordia 1-8
2023-03-18 23:51:44,667 INFO o.a.j.t.JMeterThread: Thread finished: concordia 1-8
2023-03-18 23:51:45,425 INFO o.a.j.t.JMeterThread: Thread started: concordia 1-10
2023-03-18 23:51:45,646 INFO o.a.j.t.JMeterThread: Thread is done: concordia 1-9
2023-03-18 23:51:45,646 INFO o.a.j.t.JMeterThread: Thread finished: concordia 1-9
2023-03-18 23:51:46,652 INFO o.a.j.t.JMeterThread: Thread is done: concordia 1-10
2023-03-18 23:51:46,652 INFO o.a.j.t.JMeterThread: Thread finished: concordia 1-10
2023-03-18 23:51:46,652 INFO o.a.j.e.StandardJMeterEngine: Notifying test listeners of end of test
2023-03-18 23:51:46,667 INFO o.a.j.r.Summariser: summary =     10 in 00:00:10 =    1.0/s Avg:  1339 Min:  1197 Max:  2322 Err:     0 (0.00%)
